#-----------------------------------------------------------
# Vivado v2020.1 (64-bit)
# SW Build 2902540 on Wed May 27 19:54:49 MDT 2020
# IP Build 2902112 on Wed May 27 22:43:36 MDT 2020
# Start of session at: Sun Apr 18 02:47:58 2021
# Process ID: 4132
# Current directory: C:/Users/reyam/Desktop/ECE350Project/ECE350_Final_Project/350_FinalProject_Animation
# Command line: vivado.exe -gui_launcher_event rodinguilauncherevent20352 C:\Users\reyam\Desktop\ECE350Project\ECE350_Final_Project\350_FinalProject_Animation\350_FinalProject_Animation.xpr
# Log file: C:/Users/reyam/Desktop/ECE350Project/ECE350_Final_Project/350_FinalProject_Animation/vivado.log
# Journal file: C:/Users/reyam/Desktop/ECE350Project/ECE350_Final_Project/350_FinalProject_Animation\vivado.jou
#-----------------------------------------------------------
start_gui
open_project C:/Users/reyam/Desktop/ECE350Project/ECE350_Final_Project/350_FinalProject_Animation/350_FinalProject_Animation.xpr
INFO: [ProjectBase 1-489] The host OS only allows 260 characters in a normal path. The project is stored in a path with more than 80 characters. If you experience issues with IP, Block Designs, or files not being found, please consider moving the project to a location with a shorter path. Alternately consider using the OS subst command to map part of the path to a drive letter.
Current project path is 'C:/Users/reyam/Desktop/ECE350Project/ECE350_Final_Project/350_FinalProject_Animation'
INFO: [Project 1-313] Project file moved from 'C:/Users/samar/Desktop/Semester 6/ECE350Labs/ECE350_Final_Project/350_FinalProject_Animation' since last save.
CRITICAL WARNING: [Project 1-311] Could not find the file 'C:/Users/reyam/Desktop/ECE350Project/ECE350_Final_Project/350_FinalProject_Animation/350_FinalProject_Animation.srcs/sources_1/imports/ECE350_Final_Project/RAM.v', nor could it be found using path 'C:/Users/samar/Desktop/Semester 6/ECE350Labs/ECE350_Final_Project/350_FinalProject_Animation/350_FinalProject_Animation.srcs/sources_1/imports/ECE350_Final_Project/RAM.v'.
Scanning sources...
Finished scanning sources
INFO: [IP_Flow 19-234] Refreshing IP repositories
INFO: [IP_Flow 19-1704] No user IP repositories specified
INFO: [IP_Flow 19-2313] Loaded Vivado IP repository 'C:/Users/reyam/Vivado/2020.1/data/ip'.
open_project: Time (s): cpu = 00:00:40 ; elapsed = 00:00:18 . Memory (MB): peak = 1013.590 ; gain = 0.000
update_compile_order -fileset sources_1
exit
INFO: [Common 17-206] Exiting Vivado at Sun Apr 18 02:50:24 2021...
