#-----------------------------------------------------------
# Vivado v2020.1 (64-bit)
# SW Build 2902540 on Wed May 27 19:54:49 MDT 2020
# IP Build 2902112 on Wed May 27 22:43:36 MDT 2020
# Start of session at: Sun Apr 18 13:14:58 2021
# Process ID: 7676
# Current directory: C:/Users/samar/Desktop/Semester 6/ECE350Labs/ECE350_Final_Project/350_FinalProject_Animation
# Command line: vivado.exe -gui_launcher_event rodinguilauncherevent6500 C:\Users\samar\Desktop\Semester 6\ECE350Labs\ECE350_Final_Project\350_FinalProject_Animation\350_FinalProject_Animation.xpr
# Log file: C:/Users/samar/Desktop/Semester 6/ECE350Labs/ECE350_Final_Project/350_FinalProject_Animation/vivado.log
# Journal file: C:/Users/samar/Desktop/Semester 6/ECE350Labs/ECE350_Final_Project/350_FinalProject_Animation\vivado.jou
#-----------------------------------------------------------
start_gui
open_project {C:/Users/samar/Desktop/Semester 6/ECE350Labs/ECE350_Final_Project/350_FinalProject_Animation/350_FinalProject_Animation.xpr}
INFO: [ProjectBase 1-489] The host OS only allows 260 characters in a normal path. The project is stored in a path with more than 80 characters. If you experience issues with IP, Block Designs, or files not being found, please consider moving the project to a location with a shorter path. Alternately consider using the OS subst command to map part of the path to a drive letter.
Current project path is 'C:/Users/samar/Desktop/Semester 6/ECE350Labs/ECE350_Final_Project/350_FinalProject_Animation'
Scanning sources...
Finished scanning sources
INFO: [IP_Flow 19-234] Refreshing IP repositories
INFO: [IP_Flow 19-1704] No user IP repositories specified
INFO: [IP_Flow 19-2313] Loaded Vivado IP repository 'C:/Xilinx/Vivado/2020.1/data/ip'.
open_project: Time (s): cpu = 00:00:18 ; elapsed = 00:00:06 . Memory (MB): peak = 1203.176 ; gain = 0.000
update_compile_order -fileset sources_1
reset_run synth_1
launch_runs impl_1 -to_step write_bitstream -jobs 4
[Sun Apr 18 13:15:27 2021] Launched synth_1...
Run output will be captured here: C:/Users/samar/Desktop/Semester 6/ECE350Labs/ECE350_Final_Project/350_FinalProject_Animation/350_FinalProject_Animation.runs/synth_1/runme.log
[Sun Apr 18 13:15:28 2021] Launched impl_1...
Run output will be captured here: C:/Users/samar/Desktop/Semester 6/ECE350Labs/ECE350_Final_Project/350_FinalProject_Animation/350_FinalProject_Animation.runs/impl_1/runme.log
open_hw_manager
connect_hw_server -allow_non_jtag
INFO: [Labtools 27-2285] Connecting to hw_server url TCP:localhost:3121
INFO: [Labtools 27-2222] Launching hw_server...
INFO: [Labtools 27-2221] Launch Output:

****** Xilinx hw_server v2020.1
  **** Build date : May 27 2020 at 20:24:38
    ** Copyright 1986-2020 Xilinx, Inc. All Rights Reserved.


INFO: [Labtools 27-3415] Connecting to cs_server url TCP:localhost:3042
INFO: [Labtools 27-3417] Launching cs_server...
INFO: [Labtools 27-2221] Launch Output:


****** Xilinx cs_server v2020.1.0
  **** Build date : May 13 2020-21:10:29
    ** Copyright 2017-2020 Xilinx, Inc. All Rights Reserved.



connect_hw_server: Time (s): cpu = 00:00:01 ; elapsed = 00:00:12 . Memory (MB): peak = 1203.176 ; gain = 0.000
open_hw_target
INFO: [Labtoolstcl 44-466] Opening hw_target localhost:3121/xilinx_tcf/Digilent/210292AE3C47A
open_hw_target: Time (s): cpu = 00:00:06 ; elapsed = 00:00:06 . Memory (MB): peak = 2374.688 ; gain = 1171.512
set_property PROGRAM.FILE {C:/Users/samar/Desktop/Semester 6/ECE350Labs/ECE350_Final_Project/350_FinalProject_Animation/350_FinalProject_Animation.runs/impl_1/Wrapper.bit} [get_hw_devices xc7a100t_0]
current_hw_device [get_hw_devices xc7a100t_0]
refresh_hw_device -update_hw_probes false [lindex [get_hw_devices xc7a100t_0] 0]
INFO: [Labtools 27-1434] Device xc7a100t (JTAG device index = 0) is programmed with a design that has no supported debug core(s) in it.
set_property PROBES.FILE {} [get_hw_devices xc7a100t_0]
set_property FULL_PROBES.FILE {} [get_hw_devices xc7a100t_0]
set_property PROGRAM.FILE {C:/Users/samar/Desktop/Semester 6/ECE350Labs/ECE350_Final_Project/350_FinalProject_Animation/350_FinalProject_Animation.runs/impl_1/Wrapper.bit} [get_hw_devices xc7a100t_0]
program_hw_devices [get_hw_devices xc7a100t_0]
INFO: [Labtools 27-3164] End of startup status: HIGH
refresh_hw_device [lindex [get_hw_devices xc7a100t_0] 0]
INFO: [Labtools 27-1434] Device xc7a100t (JTAG device index = 0) is programmed with a design that has no supported debug core(s) in it.
add_files -norecurse -scan_for_includes {{C:/Users/samar/Desktop/Semester 6/ECE350Labs/ECE350_Final_Project/imageSetterPearSplash.v} {C:/Users/samar/Desktop/Semester 6/ECE350Labs/ECE350_Final_Project/imageSetterCoconutSplash.v} {C:/Users/samar/Desktop/Semester 6/ECE350Labs/ECE350_Final_Project/imageSetterLemonSplash.v} {C:/Users/samar/Desktop/Semester 6/ECE350Labs/ECE350_Final_Project/imageSetterAppleSplash.v} {C:/Users/samar/Desktop/Semester 6/ECE350Labs/ECE350_Final_Project/imageSetterBananaSplash.v} {C:/Users/samar/Desktop/Semester 6/ECE350Labs/ECE350_Final_Project/imageSetterWatermelonSplash.v}}
import_files -norecurse {{C:/Users/samar/Desktop/Semester 6/ECE350Labs/ECE350_Final_Project/imageSetterPearSplash.v} {C:/Users/samar/Desktop/Semester 6/ECE350Labs/ECE350_Final_Project/imageSetterCoconutSplash.v} {C:/Users/samar/Desktop/Semester 6/ECE350Labs/ECE350_Final_Project/imageSetterLemonSplash.v} {C:/Users/samar/Desktop/Semester 6/ECE350Labs/ECE350_Final_Project/imageSetterAppleSplash.v} {C:/Users/samar/Desktop/Semester 6/ECE350Labs/ECE350_Final_Project/imageSetterBananaSplash.v} {C:/Users/samar/Desktop/Semester 6/ECE350Labs/ECE350_Final_Project/imageSetterWatermelonSplash.v}}
update_compile_order -fileset sources_1
add_files -norecurse -scan_for_includes {{C:/Users/samar/Desktop/Semester 6/ECE350Labs/ECE350_Final_Project/assets/assetsMemFiles/bananasplashcolors.mem} {C:/Users/samar/Desktop/Semester 6/ECE350Labs/ECE350_Final_Project/assets/assetsMemFiles/lemonsplashcolors.mem} {C:/Users/samar/Desktop/Semester 6/ECE350Labs/ECE350_Final_Project/assets/assetsMemFiles/coconutsplashimage.mem} {C:/Users/samar/Desktop/Semester 6/ECE350Labs/ECE350_Final_Project/assets/assetsMemFiles/coconutsplashcolors.mem} {C:/Users/samar/Desktop/Semester 6/ECE350Labs/ECE350_Final_Project/assets/assetsMemFiles/watermelonsplashimage.mem} {C:/Users/samar/Desktop/Semester 6/ECE350Labs/ECE350_Final_Project/assets/assetsMemFiles/applesplashcolors.mem} {C:/Users/samar/Desktop/Semester 6/ECE350Labs/ECE350_Final_Project/assets/assetsMemFiles/lemonsplashimage.mem} {C:/Users/samar/Desktop/Semester 6/ECE350Labs/ECE350_Final_Project/assets/assetsMemFiles/watermelonsplashcolors.mem} {C:/Users/samar/Desktop/Semester 6/ECE350Labs/ECE350_Final_Project/assets/assetsMemFiles/pearsplashcolors.mem} {C:/Users/samar/Desktop/Semester 6/ECE350Labs/ECE350_Final_Project/assets/assetsMemFiles/bananasplashimage.mem} {C:/Users/samar/Desktop/Semester 6/ECE350Labs/ECE350_Final_Project/assets/assetsMemFiles/pearsplashimage.mem} {C:/Users/samar/Desktop/Semester 6/ECE350Labs/ECE350_Final_Project/assets/assetsMemFiles/applesplashimage.mem}}
import_files -norecurse {{C:/Users/samar/Desktop/Semester 6/ECE350Labs/ECE350_Final_Project/assets/assetsMemFiles/bananasplashcolors.mem} {C:/Users/samar/Desktop/Semester 6/ECE350Labs/ECE350_Final_Project/assets/assetsMemFiles/lemonsplashcolors.mem} {C:/Users/samar/Desktop/Semester 6/ECE350Labs/ECE350_Final_Project/assets/assetsMemFiles/coconutsplashimage.mem} {C:/Users/samar/Desktop/Semester 6/ECE350Labs/ECE350_Final_Project/assets/assetsMemFiles/coconutsplashcolors.mem} {C:/Users/samar/Desktop/Semester 6/ECE350Labs/ECE350_Final_Project/assets/assetsMemFiles/watermelonsplashimage.mem} {C:/Users/samar/Desktop/Semester 6/ECE350Labs/ECE350_Final_Project/assets/assetsMemFiles/applesplashcolors.mem} {C:/Users/samar/Desktop/Semester 6/ECE350Labs/ECE350_Final_Project/assets/assetsMemFiles/lemonsplashimage.mem} {C:/Users/samar/Desktop/Semester 6/ECE350Labs/ECE350_Final_Project/assets/assetsMemFiles/watermelonsplashcolors.mem} {C:/Users/samar/Desktop/Semester 6/ECE350Labs/ECE350_Final_Project/assets/assetsMemFiles/pearsplashcolors.mem} {C:/Users/samar/Desktop/Semester 6/ECE350Labs/ECE350_Final_Project/assets/assetsMemFiles/bananasplashimage.mem} {C:/Users/samar/Desktop/Semester 6/ECE350Labs/ECE350_Final_Project/assets/assetsMemFiles/pearsplashimage.mem} {C:/Users/samar/Desktop/Semester 6/ECE350Labs/ECE350_Final_Project/assets/assetsMemFiles/applesplashimage.mem}}
update_compile_order -fileset sources_1
reset_run synth_1
launch_runs impl_1 -to_step write_bitstream -jobs 4
[Sun Apr 18 15:43:15 2021] Launched synth_1...
Run output will be captured here: C:/Users/samar/Desktop/Semester 6/ECE350Labs/ECE350_Final_Project/350_FinalProject_Animation/350_FinalProject_Animation.runs/synth_1/runme.log
[Sun Apr 18 15:43:15 2021] Launched impl_1...
Run output will be captured here: C:/Users/samar/Desktop/Semester 6/ECE350Labs/ECE350_Final_Project/350_FinalProject_Animation/350_FinalProject_Animation.runs/impl_1/runme.log
set_property PROBES.FILE {} [get_hw_devices xc7a100t_0]
set_property FULL_PROBES.FILE {} [get_hw_devices xc7a100t_0]
set_property PROGRAM.FILE {C:/Users/samar/Desktop/Semester 6/ECE350Labs/ECE350_Final_Project/350_FinalProject_Animation/350_FinalProject_Animation.runs/impl_1/Wrapper.bit} [get_hw_devices xc7a100t_0]
program_hw_devices [get_hw_devices xc7a100t_0]
INFO: [Labtools 27-3164] End of startup status: HIGH
refresh_hw_device [lindex [get_hw_devices xc7a100t_0] 0]
INFO: [Labtools 27-1434] Device xc7a100t (JTAG device index = 0) is programmed with a design that has no supported debug core(s) in it.
reset_run synth_1
launch_runs impl_1 -to_step write_bitstream -jobs 4
[Sun Apr 18 16:04:59 2021] Launched synth_1...
Run output will be captured here: C:/Users/samar/Desktop/Semester 6/ECE350Labs/ECE350_Final_Project/350_FinalProject_Animation/350_FinalProject_Animation.runs/synth_1/runme.log
[Sun Apr 18 16:04:59 2021] Launched impl_1...
Run output will be captured here: C:/Users/samar/Desktop/Semester 6/ECE350Labs/ECE350_Final_Project/350_FinalProject_Animation/350_FinalProject_Animation.runs/impl_1/runme.log
set_property PROBES.FILE {} [get_hw_devices xc7a100t_0]
set_property FULL_PROBES.FILE {} [get_hw_devices xc7a100t_0]
set_property PROGRAM.FILE {C:/Users/samar/Desktop/Semester 6/ECE350Labs/ECE350_Final_Project/350_FinalProject_Animation/350_FinalProject_Animation.runs/impl_1/Wrapper.bit} [get_hw_devices xc7a100t_0]
program_hw_devices [get_hw_devices xc7a100t_0]
INFO: [Labtools 27-3164] End of startup status: HIGH
refresh_hw_device [lindex [get_hw_devices xc7a100t_0] 0]
INFO: [Labtools 27-1434] Device xc7a100t (JTAG device index = 0) is programmed with a design that has no supported debug core(s) in it.
set_property PROBES.FILE {} [get_hw_devices xc7a100t_0]
set_property FULL_PROBES.FILE {} [get_hw_devices xc7a100t_0]
set_property PROGRAM.FILE {C:/Users/samar/Desktop/Semester 6/ECE350Labs/ECE350_Final_Project/350_FinalProject_Animation/350_FinalProject_Animation.runs/impl_1/Wrapper.bit} [get_hw_devices xc7a100t_0]
program_hw_devices [get_hw_devices xc7a100t_0]
INFO: [Labtools 27-3164] End of startup status: HIGH
refresh_hw_device [lindex [get_hw_devices xc7a100t_0] 0]
INFO: [Labtools 27-1434] Device xc7a100t (JTAG device index = 0) is programmed with a design that has no supported debug core(s) in it.
reset_run synth_1
launch_runs impl_1 -to_step write_bitstream -jobs 4
[Sun Apr 18 16:09:27 2021] Launched synth_1...
Run output will be captured here: C:/Users/samar/Desktop/Semester 6/ECE350Labs/ECE350_Final_Project/350_FinalProject_Animation/350_FinalProject_Animation.runs/synth_1/runme.log
[Sun Apr 18 16:09:27 2021] Launched impl_1...
Run output will be captured here: C:/Users/samar/Desktop/Semester 6/ECE350Labs/ECE350_Final_Project/350_FinalProject_Animation/350_FinalProject_Animation.runs/impl_1/runme.log
set_property PROBES.FILE {} [get_hw_devices xc7a100t_0]
set_property FULL_PROBES.FILE {} [get_hw_devices xc7a100t_0]
set_property PROGRAM.FILE {C:/Users/samar/Desktop/Semester 6/ECE350Labs/ECE350_Final_Project/350_FinalProject_Animation/350_FinalProject_Animation.runs/impl_1/Wrapper.bit} [get_hw_devices xc7a100t_0]
program_hw_devices [get_hw_devices xc7a100t_0]
INFO: [Labtools 27-3164] End of startup status: HIGH
refresh_hw_device [lindex [get_hw_devices xc7a100t_0] 0]
INFO: [Labtools 27-1434] Device xc7a100t (JTAG device index = 0) is programmed with a design that has no supported debug core(s) in it.
set_property PROBES.FILE {} [get_hw_devices xc7a100t_0]
set_property FULL_PROBES.FILE {} [get_hw_devices xc7a100t_0]
set_property PROGRAM.FILE {C:/Users/samar/Desktop/Semester 6/ECE350Labs/ECE350_Final_Project/350_FinalProject_Animation/350_FinalProject_Animation.runs/impl_1/Wrapper.bit} [get_hw_devices xc7a100t_0]
program_hw_devices [get_hw_devices xc7a100t_0]
INFO: [Labtools 27-3164] End of startup status: HIGH
refresh_hw_device [lindex [get_hw_devices xc7a100t_0] 0]
INFO: [Labtools 27-1434] Device xc7a100t (JTAG device index = 0) is programmed with a design that has no supported debug core(s) in it.
reset_run synth_1
launch_runs impl_1 -to_step write_bitstream -jobs 4
[Sun Apr 18 16:15:10 2021] Launched synth_1...
Run output will be captured here: C:/Users/samar/Desktop/Semester 6/ECE350Labs/ECE350_Final_Project/350_FinalProject_Animation/350_FinalProject_Animation.runs/synth_1/runme.log
[Sun Apr 18 16:15:10 2021] Launched impl_1...
Run output will be captured here: C:/Users/samar/Desktop/Semester 6/ECE350Labs/ECE350_Final_Project/350_FinalProject_Animation/350_FinalProject_Animation.runs/impl_1/runme.log
set_property PROBES.FILE {} [get_hw_devices xc7a100t_0]
set_property FULL_PROBES.FILE {} [get_hw_devices xc7a100t_0]
set_property PROGRAM.FILE {C:/Users/samar/Desktop/Semester 6/ECE350Labs/ECE350_Final_Project/350_FinalProject_Animation/350_FinalProject_Animation.runs/impl_1/Wrapper.bit} [get_hw_devices xc7a100t_0]
program_hw_devices [get_hw_devices xc7a100t_0]
INFO: [Labtools 27-3164] End of startup status: HIGH
refresh_hw_device [lindex [get_hw_devices xc7a100t_0] 0]
INFO: [Labtools 27-1434] Device xc7a100t (JTAG device index = 0) is programmed with a design that has no supported debug core(s) in it.
reset_run synth_1
launch_runs impl_1 -to_step write_bitstream -jobs 4
[Sun Apr 18 16:21:11 2021] Launched synth_1...
Run output will be captured here: C:/Users/samar/Desktop/Semester 6/ECE350Labs/ECE350_Final_Project/350_FinalProject_Animation/350_FinalProject_Animation.runs/synth_1/runme.log
[Sun Apr 18 16:21:12 2021] Launched impl_1...
Run output will be captured here: C:/Users/samar/Desktop/Semester 6/ECE350Labs/ECE350_Final_Project/350_FinalProject_Animation/350_FinalProject_Animation.runs/impl_1/runme.log
set_property PROBES.FILE {} [get_hw_devices xc7a100t_0]
set_property FULL_PROBES.FILE {} [get_hw_devices xc7a100t_0]
set_property PROGRAM.FILE {C:/Users/samar/Desktop/Semester 6/ECE350Labs/ECE350_Final_Project/350_FinalProject_Animation/350_FinalProject_Animation.runs/impl_1/Wrapper.bit} [get_hw_devices xc7a100t_0]
program_hw_devices [get_hw_devices xc7a100t_0]
INFO: [Labtools 27-3164] End of startup status: HIGH
refresh_hw_device [lindex [get_hw_devices xc7a100t_0] 0]
INFO: [Labtools 27-1434] Device xc7a100t (JTAG device index = 0) is programmed with a design that has no supported debug core(s) in it.
set_property PROBES.FILE {} [get_hw_devices xc7a100t_0]
set_property FULL_PROBES.FILE {} [get_hw_devices xc7a100t_0]
set_property PROGRAM.FILE {C:/Users/samar/Desktop/Semester 6/ECE350Labs/ECE350_Final_Project/350_FinalProject_Animation/350_FinalProject_Animation.runs/impl_1/Wrapper.bit} [get_hw_devices xc7a100t_0]
program_hw_devices [get_hw_devices xc7a100t_0]
INFO: [Labtools 27-3164] End of startup status: HIGH
refresh_hw_device [lindex [get_hw_devices xc7a100t_0] 0]
INFO: [Labtools 27-1434] Device xc7a100t (JTAG device index = 0) is programmed with a design that has no supported debug core(s) in it.
reset_run synth_1
launch_runs impl_1 -to_step write_bitstream -jobs 4
[Sun Apr 18 16:27:41 2021] Launched synth_1...
Run output will be captured here: C:/Users/samar/Desktop/Semester 6/ECE350Labs/ECE350_Final_Project/350_FinalProject_Animation/350_FinalProject_Animation.runs/synth_1/runme.log
[Sun Apr 18 16:27:41 2021] Launched impl_1...
Run output will be captured here: C:/Users/samar/Desktop/Semester 6/ECE350Labs/ECE350_Final_Project/350_FinalProject_Animation/350_FinalProject_Animation.runs/impl_1/runme.log
set_property PROBES.FILE {} [get_hw_devices xc7a100t_0]
set_property FULL_PROBES.FILE {} [get_hw_devices xc7a100t_0]
set_property PROGRAM.FILE {C:/Users/samar/Desktop/Semester 6/ECE350Labs/ECE350_Final_Project/350_FinalProject_Animation/350_FinalProject_Animation.runs/impl_1/Wrapper.bit} [get_hw_devices xc7a100t_0]
program_hw_devices [get_hw_devices xc7a100t_0]
INFO: [Labtools 27-3164] End of startup status: HIGH
refresh_hw_device [lindex [get_hw_devices xc7a100t_0] 0]
INFO: [Labtools 27-1434] Device xc7a100t (JTAG device index = 0) is programmed with a design that has no supported debug core(s) in it.
reset_run synth_1
launch_runs impl_1 -to_step write_bitstream -jobs 4
[Sun Apr 18 16:32:49 2021] Launched synth_1...
Run output will be captured here: C:/Users/samar/Desktop/Semester 6/ECE350Labs/ECE350_Final_Project/350_FinalProject_Animation/350_FinalProject_Animation.runs/synth_1/runme.log
[Sun Apr 18 16:32:49 2021] Launched impl_1...
Run output will be captured here: C:/Users/samar/Desktop/Semester 6/ECE350Labs/ECE350_Final_Project/350_FinalProject_Animation/350_FinalProject_Animation.runs/impl_1/runme.log
set_property PROBES.FILE {} [get_hw_devices xc7a100t_0]
set_property FULL_PROBES.FILE {} [get_hw_devices xc7a100t_0]
set_property PROGRAM.FILE {C:/Users/samar/Desktop/Semester 6/ECE350Labs/ECE350_Final_Project/350_FinalProject_Animation/350_FinalProject_Animation.runs/impl_1/Wrapper.bit} [get_hw_devices xc7a100t_0]
program_hw_devices [get_hw_devices xc7a100t_0]
INFO: [Labtools 27-3164] End of startup status: HIGH
refresh_hw_device [lindex [get_hw_devices xc7a100t_0] 0]
INFO: [Labtools 27-1434] Device xc7a100t (JTAG device index = 0) is programmed with a design that has no supported debug core(s) in it.
reset_run synth_1
launch_runs impl_1 -to_step write_bitstream -jobs 4
[Sun Apr 18 16:38:15 2021] Launched synth_1...
Run output will be captured here: C:/Users/samar/Desktop/Semester 6/ECE350Labs/ECE350_Final_Project/350_FinalProject_Animation/350_FinalProject_Animation.runs/synth_1/runme.log
[Sun Apr 18 16:38:15 2021] Launched impl_1...
Run output will be captured here: C:/Users/samar/Desktop/Semester 6/ECE350Labs/ECE350_Final_Project/350_FinalProject_Animation/350_FinalProject_Animation.runs/impl_1/runme.log
set_property PROBES.FILE {} [get_hw_devices xc7a100t_0]
set_property FULL_PROBES.FILE {} [get_hw_devices xc7a100t_0]
set_property PROGRAM.FILE {C:/Users/samar/Desktop/Semester 6/ECE350Labs/ECE350_Final_Project/350_FinalProject_Animation/350_FinalProject_Animation.runs/impl_1/Wrapper.bit} [get_hw_devices xc7a100t_0]
program_hw_devices [get_hw_devices xc7a100t_0]
INFO: [Labtools 27-3164] End of startup status: HIGH
refresh_hw_device [lindex [get_hw_devices xc7a100t_0] 0]
INFO: [Labtools 27-1434] Device xc7a100t (JTAG device index = 0) is programmed with a design that has no supported debug core(s) in it.
