Copyright 1986-2020 Xilinx, Inc. All Rights Reserved.
-----------------------------------------------------------------------------------------------------------------------------------------------------------
| Tool Version : Vivado v.2020.1 (win64) Build 2902540 Wed May 27 19:54:49 MDT 2020
| Date         : Tue Apr 13 19:45:20 2021
| Host         : DESKTOP-5TEUNA9 running 64-bit major release  (build 9200)
| Command      : report_methodology -file Wrapper_methodology_drc_routed.rpt -pb Wrapper_methodology_drc_routed.pb -rpx Wrapper_methodology_drc_routed.rpx
| Design       : Wrapper
| Device       : xc7a100tcsg324-1
| Speed File   : -1
| Design State : Fully Routed
-----------------------------------------------------------------------------------------------------------------------------------------------------------

Report Methodology

Table of Contents
-----------------
1. REPORT SUMMARY
2. REPORT DETAILS

1. REPORT SUMMARY
-----------------
            Netlist: netlist
          Floorplan: design_1
      Design limits: <entire design considered>
             Max violations: <unlimited>
             Violations found: 444
+-----------+------------------+-----------------------------+------------+
| Rule      | Severity         | Description                 | Violations |
+-----------+------------------+-----------------------------+------------+
| TIMING-17 | Critical Warning | Non-clocked sequential cell | 444        |
+-----------+------------------+-----------------------------+------------+

2. REPORT DETAILS
-----------------
TIMING-17#1 Critical Warning
Non-clocked sequential cell  
The clock pin accelerometer/ADXL_Control/ACCEL_X_SUM_reg[0]/C is not reached by a timing clock
Related violations: <none>

TIMING-17#2 Critical Warning
Non-clocked sequential cell  
The clock pin accelerometer/ADXL_Control/ACCEL_X_SUM_reg[10]/C is not reached by a timing clock
Related violations: <none>

TIMING-17#3 Critical Warning
Non-clocked sequential cell  
The clock pin accelerometer/ADXL_Control/ACCEL_X_SUM_reg[11]/C is not reached by a timing clock
Related violations: <none>

TIMING-17#4 Critical Warning
Non-clocked sequential cell  
The clock pin accelerometer/ADXL_Control/ACCEL_X_SUM_reg[12]/C is not reached by a timing clock
Related violations: <none>

TIMING-17#5 Critical Warning
Non-clocked sequential cell  
The clock pin accelerometer/ADXL_Control/ACCEL_X_SUM_reg[13]/C is not reached by a timing clock
Related violations: <none>

TIMING-17#6 Critical Warning
Non-clocked sequential cell  
The clock pin accelerometer/ADXL_Control/ACCEL_X_SUM_reg[14]/C is not reached by a timing clock
Related violations: <none>

TIMING-17#7 Critical Warning
Non-clocked sequential cell  
The clock pin accelerometer/ADXL_Control/ACCEL_X_SUM_reg[15]/C is not reached by a timing clock
Related violations: <none>

TIMING-17#8 Critical Warning
Non-clocked sequential cell  
The clock pin accelerometer/ADXL_Control/ACCEL_X_SUM_reg[1]/C is not reached by a timing clock
Related violations: <none>

TIMING-17#9 Critical Warning
Non-clocked sequential cell  
The clock pin accelerometer/ADXL_Control/ACCEL_X_SUM_reg[2]/C is not reached by a timing clock
Related violations: <none>

TIMING-17#10 Critical Warning
Non-clocked sequential cell  
The clock pin accelerometer/ADXL_Control/ACCEL_X_SUM_reg[3]/C is not reached by a timing clock
Related violations: <none>

TIMING-17#11 Critical Warning
Non-clocked sequential cell  
The clock pin accelerometer/ADXL_Control/ACCEL_X_SUM_reg[4]/C is not reached by a timing clock
Related violations: <none>

TIMING-17#12 Critical Warning
Non-clocked sequential cell  
The clock pin accelerometer/ADXL_Control/ACCEL_X_SUM_reg[5]/C is not reached by a timing clock
Related violations: <none>

TIMING-17#13 Critical Warning
Non-clocked sequential cell  
The clock pin accelerometer/ADXL_Control/ACCEL_X_SUM_reg[6]/C is not reached by a timing clock
Related violations: <none>

TIMING-17#14 Critical Warning
Non-clocked sequential cell  
The clock pin accelerometer/ADXL_Control/ACCEL_X_SUM_reg[7]/C is not reached by a timing clock
Related violations: <none>

TIMING-17#15 Critical Warning
Non-clocked sequential cell  
The clock pin accelerometer/ADXL_Control/ACCEL_X_SUM_reg[8]/C is not reached by a timing clock
Related violations: <none>

TIMING-17#16 Critical Warning
Non-clocked sequential cell  
The clock pin accelerometer/ADXL_Control/ACCEL_X_SUM_reg[9]/C is not reached by a timing clock
Related violations: <none>

TIMING-17#17 Critical Warning
Non-clocked sequential cell  
The clock pin accelerometer/ADXL_Control/ACCEL_X_reg[0]/C is not reached by a timing clock
Related violations: <none>

TIMING-17#18 Critical Warning
Non-clocked sequential cell  
The clock pin accelerometer/ADXL_Control/ACCEL_X_reg[10]/C is not reached by a timing clock
Related violations: <none>

TIMING-17#19 Critical Warning
Non-clocked sequential cell  
The clock pin accelerometer/ADXL_Control/ACCEL_X_reg[11]/C is not reached by a timing clock
Related violations: <none>

TIMING-17#20 Critical Warning
Non-clocked sequential cell  
The clock pin accelerometer/ADXL_Control/ACCEL_X_reg[1]/C is not reached by a timing clock
Related violations: <none>

TIMING-17#21 Critical Warning
Non-clocked sequential cell  
The clock pin accelerometer/ADXL_Control/ACCEL_X_reg[2]/C is not reached by a timing clock
Related violations: <none>

TIMING-17#22 Critical Warning
Non-clocked sequential cell  
The clock pin accelerometer/ADXL_Control/ACCEL_X_reg[3]/C is not reached by a timing clock
Related violations: <none>

TIMING-17#23 Critical Warning
Non-clocked sequential cell  
The clock pin accelerometer/ADXL_Control/ACCEL_X_reg[4]/C is not reached by a timing clock
Related violations: <none>

TIMING-17#24 Critical Warning
Non-clocked sequential cell  
The clock pin accelerometer/ADXL_Control/ACCEL_X_reg[5]/C is not reached by a timing clock
Related violations: <none>

TIMING-17#25 Critical Warning
Non-clocked sequential cell  
The clock pin accelerometer/ADXL_Control/ACCEL_X_reg[6]/C is not reached by a timing clock
Related violations: <none>

TIMING-17#26 Critical Warning
Non-clocked sequential cell  
The clock pin accelerometer/ADXL_Control/ACCEL_X_reg[7]/C is not reached by a timing clock
Related violations: <none>

TIMING-17#27 Critical Warning
Non-clocked sequential cell  
The clock pin accelerometer/ADXL_Control/ACCEL_X_reg[8]/C is not reached by a timing clock
Related violations: <none>

TIMING-17#28 Critical Warning
Non-clocked sequential cell  
The clock pin accelerometer/ADXL_Control/ACCEL_X_reg[9]/C is not reached by a timing clock
Related violations: <none>

TIMING-17#29 Critical Warning
Non-clocked sequential cell  
The clock pin accelerometer/ADXL_Control/ACCEL_Y_SUM_reg[0]/C is not reached by a timing clock
Related violations: <none>

TIMING-17#30 Critical Warning
Non-clocked sequential cell  
The clock pin accelerometer/ADXL_Control/ACCEL_Y_SUM_reg[10]/C is not reached by a timing clock
Related violations: <none>

TIMING-17#31 Critical Warning
Non-clocked sequential cell  
The clock pin accelerometer/ADXL_Control/ACCEL_Y_SUM_reg[11]/C is not reached by a timing clock
Related violations: <none>

TIMING-17#32 Critical Warning
Non-clocked sequential cell  
The clock pin accelerometer/ADXL_Control/ACCEL_Y_SUM_reg[12]/C is not reached by a timing clock
Related violations: <none>

TIMING-17#33 Critical Warning
Non-clocked sequential cell  
The clock pin accelerometer/ADXL_Control/ACCEL_Y_SUM_reg[13]/C is not reached by a timing clock
Related violations: <none>

TIMING-17#34 Critical Warning
Non-clocked sequential cell  
The clock pin accelerometer/ADXL_Control/ACCEL_Y_SUM_reg[14]/C is not reached by a timing clock
Related violations: <none>

TIMING-17#35 Critical Warning
Non-clocked sequential cell  
The clock pin accelerometer/ADXL_Control/ACCEL_Y_SUM_reg[15]/C is not reached by a timing clock
Related violations: <none>

TIMING-17#36 Critical Warning
Non-clocked sequential cell  
The clock pin accelerometer/ADXL_Control/ACCEL_Y_SUM_reg[1]/C is not reached by a timing clock
Related violations: <none>

TIMING-17#37 Critical Warning
Non-clocked sequential cell  
The clock pin accelerometer/ADXL_Control/ACCEL_Y_SUM_reg[2]/C is not reached by a timing clock
Related violations: <none>

TIMING-17#38 Critical Warning
Non-clocked sequential cell  
The clock pin accelerometer/ADXL_Control/ACCEL_Y_SUM_reg[3]/C is not reached by a timing clock
Related violations: <none>

TIMING-17#39 Critical Warning
Non-clocked sequential cell  
The clock pin accelerometer/ADXL_Control/ACCEL_Y_SUM_reg[4]/C is not reached by a timing clock
Related violations: <none>

TIMING-17#40 Critical Warning
Non-clocked sequential cell  
The clock pin accelerometer/ADXL_Control/ACCEL_Y_SUM_reg[5]/C is not reached by a timing clock
Related violations: <none>

TIMING-17#41 Critical Warning
Non-clocked sequential cell  
The clock pin accelerometer/ADXL_Control/ACCEL_Y_SUM_reg[6]/C is not reached by a timing clock
Related violations: <none>

TIMING-17#42 Critical Warning
Non-clocked sequential cell  
The clock pin accelerometer/ADXL_Control/ACCEL_Y_SUM_reg[7]/C is not reached by a timing clock
Related violations: <none>

TIMING-17#43 Critical Warning
Non-clocked sequential cell  
The clock pin accelerometer/ADXL_Control/ACCEL_Y_SUM_reg[8]/C is not reached by a timing clock
Related violations: <none>

TIMING-17#44 Critical Warning
Non-clocked sequential cell  
The clock pin accelerometer/ADXL_Control/ACCEL_Y_SUM_reg[9]/C is not reached by a timing clock
Related violations: <none>

TIMING-17#45 Critical Warning
Non-clocked sequential cell  
The clock pin accelerometer/ADXL_Control/ACCEL_Y_reg[0]/C is not reached by a timing clock
Related violations: <none>

TIMING-17#46 Critical Warning
Non-clocked sequential cell  
The clock pin accelerometer/ADXL_Control/ACCEL_Y_reg[10]/C is not reached by a timing clock
Related violations: <none>

TIMING-17#47 Critical Warning
Non-clocked sequential cell  
The clock pin accelerometer/ADXL_Control/ACCEL_Y_reg[11]/C is not reached by a timing clock
Related violations: <none>

TIMING-17#48 Critical Warning
Non-clocked sequential cell  
The clock pin accelerometer/ADXL_Control/ACCEL_Y_reg[1]/C is not reached by a timing clock
Related violations: <none>

TIMING-17#49 Critical Warning
Non-clocked sequential cell  
The clock pin accelerometer/ADXL_Control/ACCEL_Y_reg[2]/C is not reached by a timing clock
Related violations: <none>

TIMING-17#50 Critical Warning
Non-clocked sequential cell  
The clock pin accelerometer/ADXL_Control/ACCEL_Y_reg[3]/C is not reached by a timing clock
Related violations: <none>

TIMING-17#51 Critical Warning
Non-clocked sequential cell  
The clock pin accelerometer/ADXL_Control/ACCEL_Y_reg[4]/C is not reached by a timing clock
Related violations: <none>

TIMING-17#52 Critical Warning
Non-clocked sequential cell  
The clock pin accelerometer/ADXL_Control/ACCEL_Y_reg[5]/C is not reached by a timing clock
Related violations: <none>

TIMING-17#53 Critical Warning
Non-clocked sequential cell  
The clock pin accelerometer/ADXL_Control/ACCEL_Y_reg[6]/C is not reached by a timing clock
Related violations: <none>

TIMING-17#54 Critical Warning
Non-clocked sequential cell  
The clock pin accelerometer/ADXL_Control/ACCEL_Y_reg[7]/C is not reached by a timing clock
Related violations: <none>

TIMING-17#55 Critical Warning
Non-clocked sequential cell  
The clock pin accelerometer/ADXL_Control/ACCEL_Y_reg[8]/C is not reached by a timing clock
Related violations: <none>

TIMING-17#56 Critical Warning
Non-clocked sequential cell  
The clock pin accelerometer/ADXL_Control/ACCEL_Y_reg[9]/C is not reached by a timing clock
Related violations: <none>

TIMING-17#57 Critical Warning
Non-clocked sequential cell  
The clock pin accelerometer/ADXL_Control/Cmd_Reg_Data_Addr_reg[0]/C is not reached by a timing clock
Related violations: <none>

TIMING-17#58 Critical Warning
Non-clocked sequential cell  
The clock pin accelerometer/ADXL_Control/Cmd_Reg_Data_Addr_reg[1]/C is not reached by a timing clock
Related violations: <none>

TIMING-17#59 Critical Warning
Non-clocked sequential cell  
The clock pin accelerometer/ADXL_Control/Cmd_Reg_reg[0][1]/C is not reached by a timing clock
Related violations: <none>

TIMING-17#60 Critical Warning
Non-clocked sequential cell  
The clock pin accelerometer/ADXL_Control/Cmd_Reg_reg[0][2]/C is not reached by a timing clock
Related violations: <none>

TIMING-17#61 Critical Warning
Non-clocked sequential cell  
The clock pin accelerometer/ADXL_Control/Cmd_Reg_reg[0][4]/C is not reached by a timing clock
Related violations: <none>

TIMING-17#62 Critical Warning
Non-clocked sequential cell  
The clock pin accelerometer/ADXL_Control/Cmd_Reg_reg[0][6]/C is not reached by a timing clock
Related violations: <none>

TIMING-17#63 Critical Warning
Non-clocked sequential cell  
The clock pin accelerometer/ADXL_Control/Cmd_Reg_reg[1][0]/C is not reached by a timing clock
Related violations: <none>

TIMING-17#64 Critical Warning
Non-clocked sequential cell  
The clock pin accelerometer/ADXL_Control/Cmd_Reg_reg[1][1]/C is not reached by a timing clock
Related violations: <none>

TIMING-17#65 Critical Warning
Non-clocked sequential cell  
The clock pin accelerometer/ADXL_Control/Cmd_Reg_reg[1][2]/C is not reached by a timing clock
Related violations: <none>

TIMING-17#66 Critical Warning
Non-clocked sequential cell  
The clock pin accelerometer/ADXL_Control/Cmd_Reg_reg[1][3]/C is not reached by a timing clock
Related violations: <none>

TIMING-17#67 Critical Warning
Non-clocked sequential cell  
The clock pin accelerometer/ADXL_Control/Cmd_Reg_reg[1][4]/C is not reached by a timing clock
Related violations: <none>

TIMING-17#68 Critical Warning
Non-clocked sequential cell  
The clock pin accelerometer/ADXL_Control/Cmd_Reg_reg[1][5]/C is not reached by a timing clock
Related violations: <none>

TIMING-17#69 Critical Warning
Non-clocked sequential cell  
The clock pin accelerometer/ADXL_Control/Cmd_Reg_reg[1][6]/C is not reached by a timing clock
Related violations: <none>

TIMING-17#70 Critical Warning
Non-clocked sequential cell  
The clock pin accelerometer/ADXL_Control/Cmd_Reg_reg[2][0]/C is not reached by a timing clock
Related violations: <none>

TIMING-17#71 Critical Warning
Non-clocked sequential cell  
The clock pin accelerometer/ADXL_Control/Cmd_Reg_reg[2][1]/C is not reached by a timing clock
Related violations: <none>

TIMING-17#72 Critical Warning
Non-clocked sequential cell  
The clock pin accelerometer/ADXL_Control/Cmd_Reg_reg[2][2]/C is not reached by a timing clock
Related violations: <none>

TIMING-17#73 Critical Warning
Non-clocked sequential cell  
The clock pin accelerometer/ADXL_Control/Cmd_Reg_reg[2][3]/C is not reached by a timing clock
Related violations: <none>

TIMING-17#74 Critical Warning
Non-clocked sequential cell  
The clock pin accelerometer/ADXL_Control/Cmd_Reg_reg[2][4]/C is not reached by a timing clock
Related violations: <none>

TIMING-17#75 Critical Warning
Non-clocked sequential cell  
The clock pin accelerometer/ADXL_Control/Cmd_Reg_reg[2][5]/C is not reached by a timing clock
Related violations: <none>

TIMING-17#76 Critical Warning
Non-clocked sequential cell  
The clock pin accelerometer/ADXL_Control/Cmd_Reg_reg[2][6]/C is not reached by a timing clock
Related violations: <none>

TIMING-17#77 Critical Warning
Non-clocked sequential cell  
The clock pin accelerometer/ADXL_Control/Cnt_Bytes_Rec_reg[0]/C is not reached by a timing clock
Related violations: <none>

TIMING-17#78 Critical Warning
Non-clocked sequential cell  
The clock pin accelerometer/ADXL_Control/Cnt_Bytes_Rec_reg[1]/C is not reached by a timing clock
Related violations: <none>

TIMING-17#79 Critical Warning
Non-clocked sequential cell  
The clock pin accelerometer/ADXL_Control/Cnt_Bytes_Rec_reg[2]/C is not reached by a timing clock
Related violations: <none>

TIMING-17#80 Critical Warning
Non-clocked sequential cell  
The clock pin accelerometer/ADXL_Control/Cnt_Bytes_Sent_reg[0]/C is not reached by a timing clock
Related violations: <none>

TIMING-17#81 Critical Warning
Non-clocked sequential cell  
The clock pin accelerometer/ADXL_Control/Cnt_Bytes_Sent_reg[1]/C is not reached by a timing clock
Related violations: <none>

TIMING-17#82 Critical Warning
Non-clocked sequential cell  
The clock pin accelerometer/ADXL_Control/Cnt_Num_Reads_reg[0]/C is not reached by a timing clock
Related violations: <none>

TIMING-17#83 Critical Warning
Non-clocked sequential cell  
The clock pin accelerometer/ADXL_Control/Cnt_Num_Reads_reg[1]/C is not reached by a timing clock
Related violations: <none>

TIMING-17#84 Critical Warning
Non-clocked sequential cell  
The clock pin accelerometer/ADXL_Control/Cnt_Num_Reads_reg[2]/C is not reached by a timing clock
Related violations: <none>

TIMING-17#85 Critical Warning
Non-clocked sequential cell  
The clock pin accelerometer/ADXL_Control/Cnt_Num_Reads_reg[3]/C is not reached by a timing clock
Related violations: <none>

TIMING-17#86 Critical Warning
Non-clocked sequential cell  
The clock pin accelerometer/ADXL_Control/Cnt_SS_Inactive_reg[0]/C is not reached by a timing clock
Related violations: <none>

TIMING-17#87 Critical Warning
Non-clocked sequential cell  
The clock pin accelerometer/ADXL_Control/Cnt_SS_Inactive_reg[10]/C is not reached by a timing clock
Related violations: <none>

TIMING-17#88 Critical Warning
Non-clocked sequential cell  
The clock pin accelerometer/ADXL_Control/Cnt_SS_Inactive_reg[1]/C is not reached by a timing clock
Related violations: <none>

TIMING-17#89 Critical Warning
Non-clocked sequential cell  
The clock pin accelerometer/ADXL_Control/Cnt_SS_Inactive_reg[2]/C is not reached by a timing clock
Related violations: <none>

TIMING-17#90 Critical Warning
Non-clocked sequential cell  
The clock pin accelerometer/ADXL_Control/Cnt_SS_Inactive_reg[3]/C is not reached by a timing clock
Related violations: <none>

TIMING-17#91 Critical Warning
Non-clocked sequential cell  
The clock pin accelerometer/ADXL_Control/Cnt_SS_Inactive_reg[4]/C is not reached by a timing clock
Related violations: <none>

TIMING-17#92 Critical Warning
Non-clocked sequential cell  
The clock pin accelerometer/ADXL_Control/Cnt_SS_Inactive_reg[5]/C is not reached by a timing clock
Related violations: <none>

TIMING-17#93 Critical Warning
Non-clocked sequential cell  
The clock pin accelerometer/ADXL_Control/Cnt_SS_Inactive_reg[6]/C is not reached by a timing clock
Related violations: <none>

TIMING-17#94 Critical Warning
Non-clocked sequential cell  
The clock pin accelerometer/ADXL_Control/Cnt_SS_Inactive_reg[7]/C is not reached by a timing clock
Related violations: <none>

TIMING-17#95 Critical Warning
Non-clocked sequential cell  
The clock pin accelerometer/ADXL_Control/Cnt_SS_Inactive_reg[8]/C is not reached by a timing clock
Related violations: <none>

TIMING-17#96 Critical Warning
Non-clocked sequential cell  
The clock pin accelerometer/ADXL_Control/Cnt_SS_Inactive_reg[9]/C is not reached by a timing clock
Related violations: <none>

TIMING-17#97 Critical Warning
Non-clocked sequential cell  
The clock pin accelerometer/ADXL_Control/D_Send_reg[0]/C is not reached by a timing clock
Related violations: <none>

TIMING-17#98 Critical Warning
Non-clocked sequential cell  
The clock pin accelerometer/ADXL_Control/D_Send_reg[1]/C is not reached by a timing clock
Related violations: <none>

TIMING-17#99 Critical Warning
Non-clocked sequential cell  
The clock pin accelerometer/ADXL_Control/D_Send_reg[2]/C is not reached by a timing clock
Related violations: <none>

TIMING-17#100 Critical Warning
Non-clocked sequential cell  
The clock pin accelerometer/ADXL_Control/D_Send_reg[3]/C is not reached by a timing clock
Related violations: <none>

TIMING-17#101 Critical Warning
Non-clocked sequential cell  
The clock pin accelerometer/ADXL_Control/D_Send_reg[4]/C is not reached by a timing clock
Related violations: <none>

TIMING-17#102 Critical Warning
Non-clocked sequential cell  
The clock pin accelerometer/ADXL_Control/D_Send_reg[5]/C is not reached by a timing clock
Related violations: <none>

TIMING-17#103 Critical Warning
Non-clocked sequential cell  
The clock pin accelerometer/ADXL_Control/D_Send_reg[6]/C is not reached by a timing clock
Related violations: <none>

TIMING-17#104 Critical Warning
Non-clocked sequential cell  
The clock pin accelerometer/ADXL_Control/Data_Ready_reg/C is not reached by a timing clock
Related violations: <none>

TIMING-17#105 Critical Warning
Non-clocked sequential cell  
The clock pin accelerometer/ADXL_Control/Data_Reg_reg[0][0]/C is not reached by a timing clock
Related violations: <none>

TIMING-17#106 Critical Warning
Non-clocked sequential cell  
The clock pin accelerometer/ADXL_Control/Data_Reg_reg[0][7]/C is not reached by a timing clock
Related violations: <none>

TIMING-17#107 Critical Warning
Non-clocked sequential cell  
The clock pin accelerometer/ADXL_Control/Data_Reg_reg[1][0]/C is not reached by a timing clock
Related violations: <none>

TIMING-17#108 Critical Warning
Non-clocked sequential cell  
The clock pin accelerometer/ADXL_Control/Data_Reg_reg[1][1]_srl2/CLK is not reached by a timing clock
Related violations: <none>

TIMING-17#109 Critical Warning
Non-clocked sequential cell  
The clock pin accelerometer/ADXL_Control/Data_Reg_reg[1][2]_srl2/CLK is not reached by a timing clock
Related violations: <none>

TIMING-17#110 Critical Warning
Non-clocked sequential cell  
The clock pin accelerometer/ADXL_Control/Data_Reg_reg[1][3]_srl2/CLK is not reached by a timing clock
Related violations: <none>

TIMING-17#111 Critical Warning
Non-clocked sequential cell  
The clock pin accelerometer/ADXL_Control/Data_Reg_reg[1][4]_srl2/CLK is not reached by a timing clock
Related violations: <none>

TIMING-17#112 Critical Warning
Non-clocked sequential cell  
The clock pin accelerometer/ADXL_Control/Data_Reg_reg[1][5]_srl2/CLK is not reached by a timing clock
Related violations: <none>

TIMING-17#113 Critical Warning
Non-clocked sequential cell  
The clock pin accelerometer/ADXL_Control/Data_Reg_reg[1][6]_srl2/CLK is not reached by a timing clock
Related violations: <none>

TIMING-17#114 Critical Warning
Non-clocked sequential cell  
The clock pin accelerometer/ADXL_Control/Data_Reg_reg[1][7]/C is not reached by a timing clock
Related violations: <none>

TIMING-17#115 Critical Warning
Non-clocked sequential cell  
The clock pin accelerometer/ADXL_Control/Data_Reg_reg[2][0]/C is not reached by a timing clock
Related violations: <none>

TIMING-17#116 Critical Warning
Non-clocked sequential cell  
The clock pin accelerometer/ADXL_Control/Data_Reg_reg[2][1]__0/C is not reached by a timing clock
Related violations: <none>

TIMING-17#117 Critical Warning
Non-clocked sequential cell  
The clock pin accelerometer/ADXL_Control/Data_Reg_reg[2][2]__0/C is not reached by a timing clock
Related violations: <none>

TIMING-17#118 Critical Warning
Non-clocked sequential cell  
The clock pin accelerometer/ADXL_Control/Data_Reg_reg[2][3]__0/C is not reached by a timing clock
Related violations: <none>

TIMING-17#119 Critical Warning
Non-clocked sequential cell  
The clock pin accelerometer/ADXL_Control/Data_Reg_reg[2][4]__0/C is not reached by a timing clock
Related violations: <none>

TIMING-17#120 Critical Warning
Non-clocked sequential cell  
The clock pin accelerometer/ADXL_Control/Data_Reg_reg[2][5]__0/C is not reached by a timing clock
Related violations: <none>

TIMING-17#121 Critical Warning
Non-clocked sequential cell  
The clock pin accelerometer/ADXL_Control/Data_Reg_reg[2][6]__0/C is not reached by a timing clock
Related violations: <none>

TIMING-17#122 Critical Warning
Non-clocked sequential cell  
The clock pin accelerometer/ADXL_Control/Data_Reg_reg[2][7]/C is not reached by a timing clock
Related violations: <none>

TIMING-17#123 Critical Warning
Non-clocked sequential cell  
The clock pin accelerometer/ADXL_Control/Data_Reg_reg[3][0]/C is not reached by a timing clock
Related violations: <none>

TIMING-17#124 Critical Warning
Non-clocked sequential cell  
The clock pin accelerometer/ADXL_Control/Data_Reg_reg[3][1]/C is not reached by a timing clock
Related violations: <none>

TIMING-17#125 Critical Warning
Non-clocked sequential cell  
The clock pin accelerometer/ADXL_Control/Data_Reg_reg[3][2]/C is not reached by a timing clock
Related violations: <none>

TIMING-17#126 Critical Warning
Non-clocked sequential cell  
The clock pin accelerometer/ADXL_Control/Data_Reg_reg[3][3]/C is not reached by a timing clock
Related violations: <none>

TIMING-17#127 Critical Warning
Non-clocked sequential cell  
The clock pin accelerometer/ADXL_Control/Data_Reg_reg[3][4]/C is not reached by a timing clock
Related violations: <none>

TIMING-17#128 Critical Warning
Non-clocked sequential cell  
The clock pin accelerometer/ADXL_Control/Data_Reg_reg[3][5]/C is not reached by a timing clock
Related violations: <none>

TIMING-17#129 Critical Warning
Non-clocked sequential cell  
The clock pin accelerometer/ADXL_Control/Data_Reg_reg[3][6]/C is not reached by a timing clock
Related violations: <none>

TIMING-17#130 Critical Warning
Non-clocked sequential cell  
The clock pin accelerometer/ADXL_Control/Data_Reg_reg[3][7]/C is not reached by a timing clock
Related violations: <none>

TIMING-17#131 Critical Warning
Non-clocked sequential cell  
The clock pin accelerometer/ADXL_Control/Data_Reg_reg[4][0]/C is not reached by a timing clock
Related violations: <none>

TIMING-17#132 Critical Warning
Non-clocked sequential cell  
The clock pin accelerometer/ADXL_Control/Data_Reg_reg[4][1]/C is not reached by a timing clock
Related violations: <none>

TIMING-17#133 Critical Warning
Non-clocked sequential cell  
The clock pin accelerometer/ADXL_Control/Data_Reg_reg[4][2]/C is not reached by a timing clock
Related violations: <none>

TIMING-17#134 Critical Warning
Non-clocked sequential cell  
The clock pin accelerometer/ADXL_Control/Data_Reg_reg[4][3]/C is not reached by a timing clock
Related violations: <none>

TIMING-17#135 Critical Warning
Non-clocked sequential cell  
The clock pin accelerometer/ADXL_Control/Data_Reg_reg[4][4]/C is not reached by a timing clock
Related violations: <none>

TIMING-17#136 Critical Warning
Non-clocked sequential cell  
The clock pin accelerometer/ADXL_Control/Data_Reg_reg[4][5]/C is not reached by a timing clock
Related violations: <none>

TIMING-17#137 Critical Warning
Non-clocked sequential cell  
The clock pin accelerometer/ADXL_Control/Data_Reg_reg[4][6]/C is not reached by a timing clock
Related violations: <none>

TIMING-17#138 Critical Warning
Non-clocked sequential cell  
The clock pin accelerometer/ADXL_Control/Data_Reg_reg[4][7]/C is not reached by a timing clock
Related violations: <none>

TIMING-17#139 Critical Warning
Non-clocked sequential cell  
The clock pin accelerometer/ADXL_Control/Data_Reg_reg[5][0]/C is not reached by a timing clock
Related violations: <none>

TIMING-17#140 Critical Warning
Non-clocked sequential cell  
The clock pin accelerometer/ADXL_Control/Data_Reg_reg[5][1]/C is not reached by a timing clock
Related violations: <none>

TIMING-17#141 Critical Warning
Non-clocked sequential cell  
The clock pin accelerometer/ADXL_Control/Data_Reg_reg[5][2]/C is not reached by a timing clock
Related violations: <none>

TIMING-17#142 Critical Warning
Non-clocked sequential cell  
The clock pin accelerometer/ADXL_Control/Data_Reg_reg[5][3]/C is not reached by a timing clock
Related violations: <none>

TIMING-17#143 Critical Warning
Non-clocked sequential cell  
The clock pin accelerometer/ADXL_Control/Data_Reg_reg[5][4]/C is not reached by a timing clock
Related violations: <none>

TIMING-17#144 Critical Warning
Non-clocked sequential cell  
The clock pin accelerometer/ADXL_Control/Data_Reg_reg[5][5]/C is not reached by a timing clock
Related violations: <none>

TIMING-17#145 Critical Warning
Non-clocked sequential cell  
The clock pin accelerometer/ADXL_Control/Data_Reg_reg[5][6]/C is not reached by a timing clock
Related violations: <none>

TIMING-17#146 Critical Warning
Non-clocked sequential cell  
The clock pin accelerometer/ADXL_Control/Data_Reg_reg[5][7]/C is not reached by a timing clock
Related violations: <none>

TIMING-17#147 Critical Warning
Non-clocked sequential cell  
The clock pin accelerometer/ADXL_Control/Data_Reg_reg[6][0]/C is not reached by a timing clock
Related violations: <none>

TIMING-17#148 Critical Warning
Non-clocked sequential cell  
The clock pin accelerometer/ADXL_Control/Data_Reg_reg[6][1]/C is not reached by a timing clock
Related violations: <none>

TIMING-17#149 Critical Warning
Non-clocked sequential cell  
The clock pin accelerometer/ADXL_Control/Data_Reg_reg[6][2]/C is not reached by a timing clock
Related violations: <none>

TIMING-17#150 Critical Warning
Non-clocked sequential cell  
The clock pin accelerometer/ADXL_Control/Data_Reg_reg[6][3]/C is not reached by a timing clock
Related violations: <none>

TIMING-17#151 Critical Warning
Non-clocked sequential cell  
The clock pin accelerometer/ADXL_Control/Data_Reg_reg[6][4]/C is not reached by a timing clock
Related violations: <none>

TIMING-17#152 Critical Warning
Non-clocked sequential cell  
The clock pin accelerometer/ADXL_Control/Data_Reg_reg[6][5]/C is not reached by a timing clock
Related violations: <none>

TIMING-17#153 Critical Warning
Non-clocked sequential cell  
The clock pin accelerometer/ADXL_Control/Data_Reg_reg[6][6]/C is not reached by a timing clock
Related violations: <none>

TIMING-17#154 Critical Warning
Non-clocked sequential cell  
The clock pin accelerometer/ADXL_Control/Data_Reg_reg[6][7]/C is not reached by a timing clock
Related violations: <none>

TIMING-17#155 Critical Warning
Non-clocked sequential cell  
The clock pin accelerometer/ADXL_Control/Data_Reg_reg[7][0]/C is not reached by a timing clock
Related violations: <none>

TIMING-17#156 Critical Warning
Non-clocked sequential cell  
The clock pin accelerometer/ADXL_Control/Data_Reg_reg[7][1]/C is not reached by a timing clock
Related violations: <none>

TIMING-17#157 Critical Warning
Non-clocked sequential cell  
The clock pin accelerometer/ADXL_Control/Data_Reg_reg[7][2]/C is not reached by a timing clock
Related violations: <none>

TIMING-17#158 Critical Warning
Non-clocked sequential cell  
The clock pin accelerometer/ADXL_Control/Data_Reg_reg[7][3]/C is not reached by a timing clock
Related violations: <none>

TIMING-17#159 Critical Warning
Non-clocked sequential cell  
The clock pin accelerometer/ADXL_Control/Data_Reg_reg[7][4]/C is not reached by a timing clock
Related violations: <none>

TIMING-17#160 Critical Warning
Non-clocked sequential cell  
The clock pin accelerometer/ADXL_Control/Data_Reg_reg[7][5]/C is not reached by a timing clock
Related violations: <none>

TIMING-17#161 Critical Warning
Non-clocked sequential cell  
The clock pin accelerometer/ADXL_Control/Data_Reg_reg[7][6]/C is not reached by a timing clock
Related violations: <none>

TIMING-17#162 Critical Warning
Non-clocked sequential cell  
The clock pin accelerometer/ADXL_Control/Data_Reg_reg[7][7]/C is not reached by a timing clock
Related violations: <none>

TIMING-17#163 Critical Warning
Non-clocked sequential cell  
The clock pin accelerometer/ADXL_Control/FSM_sequential_StC_Adxl_Ctrl_reg[0]/C is not reached by a timing clock
Related violations: <none>

TIMING-17#164 Critical Warning
Non-clocked sequential cell  
The clock pin accelerometer/ADXL_Control/FSM_sequential_StC_Adxl_Ctrl_reg[1]/C is not reached by a timing clock
Related violations: <none>

TIMING-17#165 Critical Warning
Non-clocked sequential cell  
The clock pin accelerometer/ADXL_Control/FSM_sequential_StC_Adxl_Ctrl_reg[2]/C is not reached by a timing clock
Related violations: <none>

TIMING-17#166 Critical Warning
Non-clocked sequential cell  
The clock pin accelerometer/ADXL_Control/FSM_sequential_StC_Adxl_Ctrl_reg[3]/C is not reached by a timing clock
Related violations: <none>

TIMING-17#167 Critical Warning
Non-clocked sequential cell  
The clock pin accelerometer/ADXL_Control/FSM_sequential_StC_Spi_SendRec_reg[0]/C is not reached by a timing clock
Related violations: <none>

TIMING-17#168 Critical Warning
Non-clocked sequential cell  
The clock pin accelerometer/ADXL_Control/FSM_sequential_StC_Spi_SendRec_reg[1]/C is not reached by a timing clock
Related violations: <none>

TIMING-17#169 Critical Warning
Non-clocked sequential cell  
The clock pin accelerometer/ADXL_Control/FSM_sequential_StC_Spi_SendRec_reg[2]/C is not reached by a timing clock
Related violations: <none>

TIMING-17#170 Critical Warning
Non-clocked sequential cell  
The clock pin accelerometer/ADXL_Control/FSM_sequential_StC_Spi_Trans_reg[0]/C is not reached by a timing clock
Related violations: <none>

TIMING-17#171 Critical Warning
Non-clocked sequential cell  
The clock pin accelerometer/ADXL_Control/FSM_sequential_StC_Spi_Trans_reg[1]/C is not reached by a timing clock
Related violations: <none>

TIMING-17#172 Critical Warning
Non-clocked sequential cell  
The clock pin accelerometer/ADXL_Control/FSM_sequential_StC_Spi_Trans_reg[2]/C is not reached by a timing clock
Related violations: <none>

TIMING-17#173 Critical Warning
Non-clocked sequential cell  
The clock pin accelerometer/ADXL_Control/SPI_Interface/CntBits_reg[0]/C is not reached by a timing clock
Related violations: <none>

TIMING-17#174 Critical Warning
Non-clocked sequential cell  
The clock pin accelerometer/ADXL_Control/SPI_Interface/CntBits_reg[1]/C is not reached by a timing clock
Related violations: <none>

TIMING-17#175 Critical Warning
Non-clocked sequential cell  
The clock pin accelerometer/ADXL_Control/SPI_Interface/CntBits_reg[2]/C is not reached by a timing clock
Related violations: <none>

TIMING-17#176 Critical Warning
Non-clocked sequential cell  
The clock pin accelerometer/ADXL_Control/SPI_Interface/DONE_1_reg/C is not reached by a timing clock
Related violations: <none>

TIMING-17#177 Critical Warning
Non-clocked sequential cell  
The clock pin accelerometer/ADXL_Control/SPI_Interface/Done_reg/C is not reached by a timing clock
Related violations: <none>

TIMING-17#178 Critical Warning
Non-clocked sequential cell  
The clock pin accelerometer/ADXL_Control/SPI_Interface/Dout_reg[0]/C is not reached by a timing clock
Related violations: <none>

TIMING-17#179 Critical Warning
Non-clocked sequential cell  
The clock pin accelerometer/ADXL_Control/SPI_Interface/Dout_reg[1]/C is not reached by a timing clock
Related violations: <none>

TIMING-17#180 Critical Warning
Non-clocked sequential cell  
The clock pin accelerometer/ADXL_Control/SPI_Interface/Dout_reg[2]/C is not reached by a timing clock
Related violations: <none>

TIMING-17#181 Critical Warning
Non-clocked sequential cell  
The clock pin accelerometer/ADXL_Control/SPI_Interface/Dout_reg[3]/C is not reached by a timing clock
Related violations: <none>

TIMING-17#182 Critical Warning
Non-clocked sequential cell  
The clock pin accelerometer/ADXL_Control/SPI_Interface/Dout_reg[4]/C is not reached by a timing clock
Related violations: <none>

TIMING-17#183 Critical Warning
Non-clocked sequential cell  
The clock pin accelerometer/ADXL_Control/SPI_Interface/Dout_reg[5]/C is not reached by a timing clock
Related violations: <none>

TIMING-17#184 Critical Warning
Non-clocked sequential cell  
The clock pin accelerometer/ADXL_Control/SPI_Interface/Dout_reg[6]/C is not reached by a timing clock
Related violations: <none>

TIMING-17#185 Critical Warning
Non-clocked sequential cell  
The clock pin accelerometer/ADXL_Control/SPI_Interface/Dout_reg[7]/C is not reached by a timing clock
Related violations: <none>

TIMING-17#186 Critical Warning
Non-clocked sequential cell  
The clock pin accelerometer/ADXL_Control/SPI_Interface/FSM_sequential_StC_reg[0]/C is not reached by a timing clock
Related violations: <none>

TIMING-17#187 Critical Warning
Non-clocked sequential cell  
The clock pin accelerometer/ADXL_Control/SPI_Interface/FSM_sequential_StC_reg[1]/C is not reached by a timing clock
Related violations: <none>

TIMING-17#188 Critical Warning
Non-clocked sequential cell  
The clock pin accelerometer/ADXL_Control/SPI_Interface/MISO_REG_reg[0]/C is not reached by a timing clock
Related violations: <none>

TIMING-17#189 Critical Warning
Non-clocked sequential cell  
The clock pin accelerometer/ADXL_Control/SPI_Interface/MISO_REG_reg[1]/C is not reached by a timing clock
Related violations: <none>

TIMING-17#190 Critical Warning
Non-clocked sequential cell  
The clock pin accelerometer/ADXL_Control/SPI_Interface/MISO_REG_reg[2]/C is not reached by a timing clock
Related violations: <none>

TIMING-17#191 Critical Warning
Non-clocked sequential cell  
The clock pin accelerometer/ADXL_Control/SPI_Interface/MISO_REG_reg[3]/C is not reached by a timing clock
Related violations: <none>

TIMING-17#192 Critical Warning
Non-clocked sequential cell  
The clock pin accelerometer/ADXL_Control/SPI_Interface/MISO_REG_reg[4]/C is not reached by a timing clock
Related violations: <none>

TIMING-17#193 Critical Warning
Non-clocked sequential cell  
The clock pin accelerometer/ADXL_Control/SPI_Interface/MISO_REG_reg[5]/C is not reached by a timing clock
Related violations: <none>

TIMING-17#194 Critical Warning
Non-clocked sequential cell  
The clock pin accelerometer/ADXL_Control/SPI_Interface/MISO_REG_reg[6]/C is not reached by a timing clock
Related violations: <none>

TIMING-17#195 Critical Warning
Non-clocked sequential cell  
The clock pin accelerometer/ADXL_Control/SPI_Interface/MISO_REG_reg[7]/C is not reached by a timing clock
Related violations: <none>

TIMING-17#196 Critical Warning
Non-clocked sequential cell  
The clock pin accelerometer/ADXL_Control/SPI_Interface/MOSI_REG_reg[0]/C is not reached by a timing clock
Related violations: <none>

TIMING-17#197 Critical Warning
Non-clocked sequential cell  
The clock pin accelerometer/ADXL_Control/SPI_Interface/MOSI_REG_reg[1]/C is not reached by a timing clock
Related violations: <none>

TIMING-17#198 Critical Warning
Non-clocked sequential cell  
The clock pin accelerometer/ADXL_Control/SPI_Interface/MOSI_REG_reg[2]/C is not reached by a timing clock
Related violations: <none>

TIMING-17#199 Critical Warning
Non-clocked sequential cell  
The clock pin accelerometer/ADXL_Control/SPI_Interface/MOSI_REG_reg[3]/C is not reached by a timing clock
Related violations: <none>

TIMING-17#200 Critical Warning
Non-clocked sequential cell  
The clock pin accelerometer/ADXL_Control/SPI_Interface/MOSI_REG_reg[4]/C is not reached by a timing clock
Related violations: <none>

TIMING-17#201 Critical Warning
Non-clocked sequential cell  
The clock pin accelerometer/ADXL_Control/SPI_Interface/MOSI_REG_reg[5]/C is not reached by a timing clock
Related violations: <none>

TIMING-17#202 Critical Warning
Non-clocked sequential cell  
The clock pin accelerometer/ADXL_Control/SPI_Interface/MOSI_REG_reg[6]/C is not reached by a timing clock
Related violations: <none>

TIMING-17#203 Critical Warning
Non-clocked sequential cell  
The clock pin accelerometer/ADXL_Control/SPI_Interface/MOSI_REG_reg[7]/C is not reached by a timing clock
Related violations: <none>

TIMING-17#204 Critical Warning
Non-clocked sequential cell  
The clock pin accelerometer/ADXL_Control/SPI_Interface/SCLK_2X_DIV_reg[0]/C is not reached by a timing clock
Related violations: <none>

TIMING-17#205 Critical Warning
Non-clocked sequential cell  
The clock pin accelerometer/ADXL_Control/SPI_Interface/SCLK_2X_DIV_reg[1]/C is not reached by a timing clock
Related violations: <none>

TIMING-17#206 Critical Warning
Non-clocked sequential cell  
The clock pin accelerometer/ADXL_Control/SPI_Interface/SCLK_2X_DIV_reg[2]/C is not reached by a timing clock
Related violations: <none>

TIMING-17#207 Critical Warning
Non-clocked sequential cell  
The clock pin accelerometer/ADXL_Control/SPI_Interface/SCLK_2X_DIV_reg[3]/C is not reached by a timing clock
Related violations: <none>

TIMING-17#208 Critical Warning
Non-clocked sequential cell  
The clock pin accelerometer/ADXL_Control/SPI_Interface/SCLK_2X_DIV_reg[4]/C is not reached by a timing clock
Related violations: <none>

TIMING-17#209 Critical Warning
Non-clocked sequential cell  
The clock pin accelerometer/ADXL_Control/SPI_Interface/SCLK_2X_DIV_reg[5]/C is not reached by a timing clock
Related violations: <none>

TIMING-17#210 Critical Warning
Non-clocked sequential cell  
The clock pin accelerometer/ADXL_Control/SPI_Interface/SCLK_INT_reg/C is not reached by a timing clock
Related violations: <none>

TIMING-17#211 Critical Warning
Non-clocked sequential cell  
The clock pin accelerometer/ADXL_Control/SPI_RnW_reg/C is not reached by a timing clock
Related violations: <none>

TIMING-17#212 Critical Warning
Non-clocked sequential cell  
The clock pin accelerometer/ADXL_Control/Sample_Rate_Div_reg[0]/C is not reached by a timing clock
Related violations: <none>

TIMING-17#213 Critical Warning
Non-clocked sequential cell  
The clock pin accelerometer/ADXL_Control/Sample_Rate_Div_reg[10]/C is not reached by a timing clock
Related violations: <none>

TIMING-17#214 Critical Warning
Non-clocked sequential cell  
The clock pin accelerometer/ADXL_Control/Sample_Rate_Div_reg[11]/C is not reached by a timing clock
Related violations: <none>

TIMING-17#215 Critical Warning
Non-clocked sequential cell  
The clock pin accelerometer/ADXL_Control/Sample_Rate_Div_reg[12]/C is not reached by a timing clock
Related violations: <none>

TIMING-17#216 Critical Warning
Non-clocked sequential cell  
The clock pin accelerometer/ADXL_Control/Sample_Rate_Div_reg[13]/C is not reached by a timing clock
Related violations: <none>

TIMING-17#217 Critical Warning
Non-clocked sequential cell  
The clock pin accelerometer/ADXL_Control/Sample_Rate_Div_reg[14]/C is not reached by a timing clock
Related violations: <none>

TIMING-17#218 Critical Warning
Non-clocked sequential cell  
The clock pin accelerometer/ADXL_Control/Sample_Rate_Div_reg[15]/C is not reached by a timing clock
Related violations: <none>

TIMING-17#219 Critical Warning
Non-clocked sequential cell  
The clock pin accelerometer/ADXL_Control/Sample_Rate_Div_reg[16]/C is not reached by a timing clock
Related violations: <none>

TIMING-17#220 Critical Warning
Non-clocked sequential cell  
The clock pin accelerometer/ADXL_Control/Sample_Rate_Div_reg[17]/C is not reached by a timing clock
Related violations: <none>

TIMING-17#221 Critical Warning
Non-clocked sequential cell  
The clock pin accelerometer/ADXL_Control/Sample_Rate_Div_reg[18]/C is not reached by a timing clock
Related violations: <none>

TIMING-17#222 Critical Warning
Non-clocked sequential cell  
The clock pin accelerometer/ADXL_Control/Sample_Rate_Div_reg[19]/C is not reached by a timing clock
Related violations: <none>

TIMING-17#223 Critical Warning
Non-clocked sequential cell  
The clock pin accelerometer/ADXL_Control/Sample_Rate_Div_reg[1]/C is not reached by a timing clock
Related violations: <none>

TIMING-17#224 Critical Warning
Non-clocked sequential cell  
The clock pin accelerometer/ADXL_Control/Sample_Rate_Div_reg[20]/C is not reached by a timing clock
Related violations: <none>

TIMING-17#225 Critical Warning
Non-clocked sequential cell  
The clock pin accelerometer/ADXL_Control/Sample_Rate_Div_reg[2]/C is not reached by a timing clock
Related violations: <none>

TIMING-17#226 Critical Warning
Non-clocked sequential cell  
The clock pin accelerometer/ADXL_Control/Sample_Rate_Div_reg[3]/C is not reached by a timing clock
Related violations: <none>

TIMING-17#227 Critical Warning
Non-clocked sequential cell  
The clock pin accelerometer/ADXL_Control/Sample_Rate_Div_reg[4]/C is not reached by a timing clock
Related violations: <none>

TIMING-17#228 Critical Warning
Non-clocked sequential cell  
The clock pin accelerometer/ADXL_Control/Sample_Rate_Div_reg[5]/C is not reached by a timing clock
Related violations: <none>

TIMING-17#229 Critical Warning
Non-clocked sequential cell  
The clock pin accelerometer/ADXL_Control/Sample_Rate_Div_reg[6]/C is not reached by a timing clock
Related violations: <none>

TIMING-17#230 Critical Warning
Non-clocked sequential cell  
The clock pin accelerometer/ADXL_Control/Sample_Rate_Div_reg[7]/C is not reached by a timing clock
Related violations: <none>

TIMING-17#231 Critical Warning
Non-clocked sequential cell  
The clock pin accelerometer/ADXL_Control/Sample_Rate_Div_reg[8]/C is not reached by a timing clock
Related violations: <none>

TIMING-17#232 Critical Warning
Non-clocked sequential cell  
The clock pin accelerometer/ADXL_Control/Sample_Rate_Div_reg[9]/C is not reached by a timing clock
Related violations: <none>

TIMING-17#233 Critical Warning
Non-clocked sequential cell  
The clock pin accelerometer/Accel_Calculation/ACCEL_X_CLIP_reg[0]/C is not reached by a timing clock
Related violations: <none>

TIMING-17#234 Critical Warning
Non-clocked sequential cell  
The clock pin accelerometer/Accel_Calculation/ACCEL_X_CLIP_reg[1]/C is not reached by a timing clock
Related violations: <none>

TIMING-17#235 Critical Warning
Non-clocked sequential cell  
The clock pin accelerometer/Accel_Calculation/ACCEL_X_CLIP_reg[2]/C is not reached by a timing clock
Related violations: <none>

TIMING-17#236 Critical Warning
Non-clocked sequential cell  
The clock pin accelerometer/Accel_Calculation/ACCEL_X_CLIP_reg[3]/C is not reached by a timing clock
Related violations: <none>

TIMING-17#237 Critical Warning
Non-clocked sequential cell  
The clock pin accelerometer/Accel_Calculation/ACCEL_X_CLIP_reg[4]/C is not reached by a timing clock
Related violations: <none>

TIMING-17#238 Critical Warning
Non-clocked sequential cell  
The clock pin accelerometer/Accel_Calculation/ACCEL_X_CLIP_reg[5]/C is not reached by a timing clock
Related violations: <none>

TIMING-17#239 Critical Warning
Non-clocked sequential cell  
The clock pin accelerometer/Accel_Calculation/ACCEL_X_CLIP_reg[6]/C is not reached by a timing clock
Related violations: <none>

TIMING-17#240 Critical Warning
Non-clocked sequential cell  
The clock pin accelerometer/Accel_Calculation/ACCEL_X_CLIP_reg[7]/C is not reached by a timing clock
Related violations: <none>

TIMING-17#241 Critical Warning
Non-clocked sequential cell  
The clock pin accelerometer/Accel_Calculation/ACCEL_X_CLIP_reg[8]/C is not reached by a timing clock
Related violations: <none>

TIMING-17#242 Critical Warning
Non-clocked sequential cell  
The clock pin accelerometer/Accel_Calculation/ACCEL_X_SUM_reg[10]/C is not reached by a timing clock
Related violations: <none>

TIMING-17#243 Critical Warning
Non-clocked sequential cell  
The clock pin accelerometer/Accel_Calculation/ACCEL_X_SUM_reg[11]/C is not reached by a timing clock
Related violations: <none>

TIMING-17#244 Critical Warning
Non-clocked sequential cell  
The clock pin accelerometer/Accel_Calculation/ACCEL_X_SUM_reg[12]/C is not reached by a timing clock
Related violations: <none>

TIMING-17#245 Critical Warning
Non-clocked sequential cell  
The clock pin accelerometer/Accel_Calculation/ACCEL_X_SUM_reg[2]/C is not reached by a timing clock
Related violations: <none>

TIMING-17#246 Critical Warning
Non-clocked sequential cell  
The clock pin accelerometer/Accel_Calculation/ACCEL_X_SUM_reg[3]/C is not reached by a timing clock
Related violations: <none>

TIMING-17#247 Critical Warning
Non-clocked sequential cell  
The clock pin accelerometer/Accel_Calculation/ACCEL_X_SUM_reg[4]/C is not reached by a timing clock
Related violations: <none>

TIMING-17#248 Critical Warning
Non-clocked sequential cell  
The clock pin accelerometer/Accel_Calculation/ACCEL_X_SUM_reg[5]/C is not reached by a timing clock
Related violations: <none>

TIMING-17#249 Critical Warning
Non-clocked sequential cell  
The clock pin accelerometer/Accel_Calculation/ACCEL_X_SUM_reg[6]/C is not reached by a timing clock
Related violations: <none>

TIMING-17#250 Critical Warning
Non-clocked sequential cell  
The clock pin accelerometer/Accel_Calculation/ACCEL_X_SUM_reg[7]/C is not reached by a timing clock
Related violations: <none>

TIMING-17#251 Critical Warning
Non-clocked sequential cell  
The clock pin accelerometer/Accel_Calculation/ACCEL_X_SUM_reg[8]/C is not reached by a timing clock
Related violations: <none>

TIMING-17#252 Critical Warning
Non-clocked sequential cell  
The clock pin accelerometer/Accel_Calculation/ACCEL_X_SUM_reg[9]/C is not reached by a timing clock
Related violations: <none>

TIMING-17#253 Critical Warning
Non-clocked sequential cell  
The clock pin accelerometer/Accel_Calculation/ACCEL_Y_CLIP_reg[0]/C is not reached by a timing clock
Related violations: <none>

TIMING-17#254 Critical Warning
Non-clocked sequential cell  
The clock pin accelerometer/Accel_Calculation/ACCEL_Y_CLIP_reg[1]/C is not reached by a timing clock
Related violations: <none>

TIMING-17#255 Critical Warning
Non-clocked sequential cell  
The clock pin accelerometer/Accel_Calculation/ACCEL_Y_CLIP_reg[2]/C is not reached by a timing clock
Related violations: <none>

TIMING-17#256 Critical Warning
Non-clocked sequential cell  
The clock pin accelerometer/Accel_Calculation/ACCEL_Y_CLIP_reg[3]/C is not reached by a timing clock
Related violations: <none>

TIMING-17#257 Critical Warning
Non-clocked sequential cell  
The clock pin accelerometer/Accel_Calculation/ACCEL_Y_CLIP_reg[4]/C is not reached by a timing clock
Related violations: <none>

TIMING-17#258 Critical Warning
Non-clocked sequential cell  
The clock pin accelerometer/Accel_Calculation/ACCEL_Y_CLIP_reg[5]/C is not reached by a timing clock
Related violations: <none>

TIMING-17#259 Critical Warning
Non-clocked sequential cell  
The clock pin accelerometer/Accel_Calculation/ACCEL_Y_CLIP_reg[6]/C is not reached by a timing clock
Related violations: <none>

TIMING-17#260 Critical Warning
Non-clocked sequential cell  
The clock pin accelerometer/Accel_Calculation/ACCEL_Y_CLIP_reg[7]/C is not reached by a timing clock
Related violations: <none>

TIMING-17#261 Critical Warning
Non-clocked sequential cell  
The clock pin accelerometer/Accel_Calculation/ACCEL_Y_CLIP_reg[8]/C is not reached by a timing clock
Related violations: <none>

TIMING-17#262 Critical Warning
Non-clocked sequential cell  
The clock pin accelerometer/Accel_Calculation/ACCEL_Y_SUM_reg[10]/C is not reached by a timing clock
Related violations: <none>

TIMING-17#263 Critical Warning
Non-clocked sequential cell  
The clock pin accelerometer/Accel_Calculation/ACCEL_Y_SUM_reg[11]/C is not reached by a timing clock
Related violations: <none>

TIMING-17#264 Critical Warning
Non-clocked sequential cell  
The clock pin accelerometer/Accel_Calculation/ACCEL_Y_SUM_reg[12]/C is not reached by a timing clock
Related violations: <none>

TIMING-17#265 Critical Warning
Non-clocked sequential cell  
The clock pin accelerometer/Accel_Calculation/ACCEL_Y_SUM_reg[2]/C is not reached by a timing clock
Related violations: <none>

TIMING-17#266 Critical Warning
Non-clocked sequential cell  
The clock pin accelerometer/Accel_Calculation/ACCEL_Y_SUM_reg[3]/C is not reached by a timing clock
Related violations: <none>

TIMING-17#267 Critical Warning
Non-clocked sequential cell  
The clock pin accelerometer/Accel_Calculation/ACCEL_Y_SUM_reg[4]/C is not reached by a timing clock
Related violations: <none>

TIMING-17#268 Critical Warning
Non-clocked sequential cell  
The clock pin accelerometer/Accel_Calculation/ACCEL_Y_SUM_reg[5]/C is not reached by a timing clock
Related violations: <none>

TIMING-17#269 Critical Warning
Non-clocked sequential cell  
The clock pin accelerometer/Accel_Calculation/ACCEL_Y_SUM_reg[6]/C is not reached by a timing clock
Related violations: <none>

TIMING-17#270 Critical Warning
Non-clocked sequential cell  
The clock pin accelerometer/Accel_Calculation/ACCEL_Y_SUM_reg[7]/C is not reached by a timing clock
Related violations: <none>

TIMING-17#271 Critical Warning
Non-clocked sequential cell  
The clock pin accelerometer/Accel_Calculation/ACCEL_Y_SUM_reg[8]/C is not reached by a timing clock
Related violations: <none>

TIMING-17#272 Critical Warning
Non-clocked sequential cell  
The clock pin accelerometer/Accel_Calculation/ACCEL_Y_SUM_reg[9]/C is not reached by a timing clock
Related violations: <none>

TIMING-17#273 Critical Warning
Non-clocked sequential cell  
The clock pin accelerometer/RESET_INT_reg/C is not reached by a timing clock
Related violations: <none>

TIMING-17#274 Critical Warning
Non-clocked sequential cell  
The clock pin accelerometer/cnt_acc_reset_reg[0]/C is not reached by a timing clock
Related violations: <none>

TIMING-17#275 Critical Warning
Non-clocked sequential cell  
The clock pin accelerometer/cnt_acc_reset_reg[10]/C is not reached by a timing clock
Related violations: <none>

TIMING-17#276 Critical Warning
Non-clocked sequential cell  
The clock pin accelerometer/cnt_acc_reset_reg[1]/C is not reached by a timing clock
Related violations: <none>

TIMING-17#277 Critical Warning
Non-clocked sequential cell  
The clock pin accelerometer/cnt_acc_reset_reg[2]/C is not reached by a timing clock
Related violations: <none>

TIMING-17#278 Critical Warning
Non-clocked sequential cell  
The clock pin accelerometer/cnt_acc_reset_reg[3]/C is not reached by a timing clock
Related violations: <none>

TIMING-17#279 Critical Warning
Non-clocked sequential cell  
The clock pin accelerometer/cnt_acc_reset_reg[4]/C is not reached by a timing clock
Related violations: <none>

TIMING-17#280 Critical Warning
Non-clocked sequential cell  
The clock pin accelerometer/cnt_acc_reset_reg[5]/C is not reached by a timing clock
Related violations: <none>

TIMING-17#281 Critical Warning
Non-clocked sequential cell  
The clock pin accelerometer/cnt_acc_reset_reg[6]/C is not reached by a timing clock
Related violations: <none>

TIMING-17#282 Critical Warning
Non-clocked sequential cell  
The clock pin accelerometer/cnt_acc_reset_reg[7]/C is not reached by a timing clock
Related violations: <none>

TIMING-17#283 Critical Warning
Non-clocked sequential cell  
The clock pin accelerometer/cnt_acc_reset_reg[8]/C is not reached by a timing clock
Related violations: <none>

TIMING-17#284 Critical Warning
Non-clocked sequential cell  
The clock pin accelerometer/cnt_acc_reset_reg[9]/C is not reached by a timing clock
Related violations: <none>

TIMING-17#285 Critical Warning
Non-clocked sequential cell  
The clock pin down1_reg/C is not reached by a timing clock
Related violations: <none>

TIMING-17#286 Critical Warning
Non-clocked sequential cell  
The clock pin left1_reg/C is not reached by a timing clock
Related violations: <none>

TIMING-17#287 Critical Warning
Non-clocked sequential cell  
The clock pin restx1_reg/C is not reached by a timing clock
Related violations: <none>

TIMING-17#288 Critical Warning
Non-clocked sequential cell  
The clock pin resty1_reg/C is not reached by a timing clock
Related violations: <none>

TIMING-17#289 Critical Warning
Non-clocked sequential cell  
The clock pin right1_reg/C is not reached by a timing clock
Related violations: <none>

TIMING-17#290 Critical Warning
Non-clocked sequential cell  
The clock pin up1_reg/C is not reached by a timing clock
Related violations: <none>

TIMING-17#291 Critical Warning
Non-clocked sequential cell  
The clock pin vga/ColorPalette1/MemoryArray_reg/CLKARDCLK is not reached by a timing clock
Related violations: <none>

TIMING-17#292 Critical Warning
Non-clocked sequential cell  
The clock pin vga/Display/hPos_reg[0]/C is not reached by a timing clock
Related violations: <none>

TIMING-17#293 Critical Warning
Non-clocked sequential cell  
The clock pin vga/Display/hPos_reg[1]/C is not reached by a timing clock
Related violations: <none>

TIMING-17#294 Critical Warning
Non-clocked sequential cell  
The clock pin vga/Display/hPos_reg[2]/C is not reached by a timing clock
Related violations: <none>

TIMING-17#295 Critical Warning
Non-clocked sequential cell  
The clock pin vga/Display/hPos_reg[3]/C is not reached by a timing clock
Related violations: <none>

TIMING-17#296 Critical Warning
Non-clocked sequential cell  
The clock pin vga/Display/hPos_reg[4]/C is not reached by a timing clock
Related violations: <none>

TIMING-17#297 Critical Warning
Non-clocked sequential cell  
The clock pin vga/Display/hPos_reg[5]/C is not reached by a timing clock
Related violations: <none>

TIMING-17#298 Critical Warning
Non-clocked sequential cell  
The clock pin vga/Display/hPos_reg[6]/C is not reached by a timing clock
Related violations: <none>

TIMING-17#299 Critical Warning
Non-clocked sequential cell  
The clock pin vga/Display/hPos_reg[7]/C is not reached by a timing clock
Related violations: <none>

TIMING-17#300 Critical Warning
Non-clocked sequential cell  
The clock pin vga/Display/hPos_reg[8]/C is not reached by a timing clock
Related violations: <none>

TIMING-17#301 Critical Warning
Non-clocked sequential cell  
The clock pin vga/Display/hPos_reg[9]/C is not reached by a timing clock
Related violations: <none>

TIMING-17#302 Critical Warning
Non-clocked sequential cell  
The clock pin vga/Display/vPos_reg[0]/C is not reached by a timing clock
Related violations: <none>

TIMING-17#303 Critical Warning
Non-clocked sequential cell  
The clock pin vga/Display/vPos_reg[1]/C is not reached by a timing clock
Related violations: <none>

TIMING-17#304 Critical Warning
Non-clocked sequential cell  
The clock pin vga/Display/vPos_reg[2]/C is not reached by a timing clock
Related violations: <none>

TIMING-17#305 Critical Warning
Non-clocked sequential cell  
The clock pin vga/Display/vPos_reg[3]/C is not reached by a timing clock
Related violations: <none>

TIMING-17#306 Critical Warning
Non-clocked sequential cell  
The clock pin vga/Display/vPos_reg[4]/C is not reached by a timing clock
Related violations: <none>

TIMING-17#307 Critical Warning
Non-clocked sequential cell  
The clock pin vga/Display/vPos_reg[5]/C is not reached by a timing clock
Related violations: <none>

TIMING-17#308 Critical Warning
Non-clocked sequential cell  
The clock pin vga/Display/vPos_reg[6]/C is not reached by a timing clock
Related violations: <none>

TIMING-17#309 Critical Warning
Non-clocked sequential cell  
The clock pin vga/Display/vPos_reg[7]/C is not reached by a timing clock
Related violations: <none>

TIMING-17#310 Critical Warning
Non-clocked sequential cell  
The clock pin vga/Display/vPos_reg[8]/C is not reached by a timing clock
Related violations: <none>

TIMING-17#311 Critical Warning
Non-clocked sequential cell  
The clock pin vga/Display/vPos_reg[9]/C is not reached by a timing clock
Related violations: <none>

TIMING-17#312 Critical Warning
Non-clocked sequential cell  
The clock pin vga/ImageData1/MemoryArray_reg_0_0/CLKARDCLK is not reached by a timing clock
Related violations: <none>

TIMING-17#313 Critical Warning
Non-clocked sequential cell  
The clock pin vga/ImageData1/MemoryArray_reg_0_1/CLKARDCLK is not reached by a timing clock
Related violations: <none>

TIMING-17#314 Critical Warning
Non-clocked sequential cell  
The clock pin vga/ImageData1/MemoryArray_reg_0_2/CLKARDCLK is not reached by a timing clock
Related violations: <none>

TIMING-17#315 Critical Warning
Non-clocked sequential cell  
The clock pin vga/ImageData1/MemoryArray_reg_0_3/CLKARDCLK is not reached by a timing clock
Related violations: <none>

TIMING-17#316 Critical Warning
Non-clocked sequential cell  
The clock pin vga/ImageData1/MemoryArray_reg_0_4/CLKARDCLK is not reached by a timing clock
Related violations: <none>

TIMING-17#317 Critical Warning
Non-clocked sequential cell  
The clock pin vga/ImageData1/MemoryArray_reg_0_5/CLKARDCLK is not reached by a timing clock
Related violations: <none>

TIMING-17#318 Critical Warning
Non-clocked sequential cell  
The clock pin vga/ImageData1/MemoryArray_reg_0_6/CLKARDCLK is not reached by a timing clock
Related violations: <none>

TIMING-17#319 Critical Warning
Non-clocked sequential cell  
The clock pin vga/ImageData1/MemoryArray_reg_0_7/CLKARDCLK is not reached by a timing clock
Related violations: <none>

TIMING-17#320 Critical Warning
Non-clocked sequential cell  
The clock pin vga/ImageData1/MemoryArray_reg_1_0/CLKARDCLK is not reached by a timing clock
Related violations: <none>

TIMING-17#321 Critical Warning
Non-clocked sequential cell  
The clock pin vga/ImageData1/MemoryArray_reg_1_1/CLKARDCLK is not reached by a timing clock
Related violations: <none>

TIMING-17#322 Critical Warning
Non-clocked sequential cell  
The clock pin vga/ImageData1/MemoryArray_reg_1_2/CLKARDCLK is not reached by a timing clock
Related violations: <none>

TIMING-17#323 Critical Warning
Non-clocked sequential cell  
The clock pin vga/ImageData1/MemoryArray_reg_1_3/CLKARDCLK is not reached by a timing clock
Related violations: <none>

TIMING-17#324 Critical Warning
Non-clocked sequential cell  
The clock pin vga/ImageData1/MemoryArray_reg_1_4/CLKARDCLK is not reached by a timing clock
Related violations: <none>

TIMING-17#325 Critical Warning
Non-clocked sequential cell  
The clock pin vga/ImageData1/MemoryArray_reg_1_5/CLKARDCLK is not reached by a timing clock
Related violations: <none>

TIMING-17#326 Critical Warning
Non-clocked sequential cell  
The clock pin vga/ImageData1/MemoryArray_reg_1_6/CLKARDCLK is not reached by a timing clock
Related violations: <none>

TIMING-17#327 Critical Warning
Non-clocked sequential cell  
The clock pin vga/ImageData1/MemoryArray_reg_1_7/CLKARDCLK is not reached by a timing clock
Related violations: <none>

TIMING-17#328 Critical Warning
Non-clocked sequential cell  
The clock pin vga/ImageData1/MemoryArray_reg_2_0/CLKARDCLK is not reached by a timing clock
Related violations: <none>

TIMING-17#329 Critical Warning
Non-clocked sequential cell  
The clock pin vga/ImageData1/MemoryArray_reg_2_1/CLKARDCLK is not reached by a timing clock
Related violations: <none>

TIMING-17#330 Critical Warning
Non-clocked sequential cell  
The clock pin vga/ImageData1/MemoryArray_reg_2_2/CLKARDCLK is not reached by a timing clock
Related violations: <none>

TIMING-17#331 Critical Warning
Non-clocked sequential cell  
The clock pin vga/ImageData1/MemoryArray_reg_2_3/CLKARDCLK is not reached by a timing clock
Related violations: <none>

TIMING-17#332 Critical Warning
Non-clocked sequential cell  
The clock pin vga/ImageData1/MemoryArray_reg_2_4/CLKARDCLK is not reached by a timing clock
Related violations: <none>

TIMING-17#333 Critical Warning
Non-clocked sequential cell  
The clock pin vga/ImageData1/MemoryArray_reg_2_5/CLKARDCLK is not reached by a timing clock
Related violations: <none>

TIMING-17#334 Critical Warning
Non-clocked sequential cell  
The clock pin vga/ImageData1/MemoryArray_reg_2_6/CLKARDCLK is not reached by a timing clock
Related violations: <none>

TIMING-17#335 Critical Warning
Non-clocked sequential cell  
The clock pin vga/ImageData1/MemoryArray_reg_2_7/CLKARDCLK is not reached by a timing clock
Related violations: <none>

TIMING-17#336 Critical Warning
Non-clocked sequential cell  
The clock pin vga/ImageData1/MemoryArray_reg_3_0/CLKARDCLK is not reached by a timing clock
Related violations: <none>

TIMING-17#337 Critical Warning
Non-clocked sequential cell  
The clock pin vga/ImageData1/MemoryArray_reg_3_1/CLKARDCLK is not reached by a timing clock
Related violations: <none>

TIMING-17#338 Critical Warning
Non-clocked sequential cell  
The clock pin vga/ImageData1/MemoryArray_reg_3_2/CLKARDCLK is not reached by a timing clock
Related violations: <none>

TIMING-17#339 Critical Warning
Non-clocked sequential cell  
The clock pin vga/ImageData1/MemoryArray_reg_3_3/CLKARDCLK is not reached by a timing clock
Related violations: <none>

TIMING-17#340 Critical Warning
Non-clocked sequential cell  
The clock pin vga/ImageData1/MemoryArray_reg_3_4/CLKARDCLK is not reached by a timing clock
Related violations: <none>

TIMING-17#341 Critical Warning
Non-clocked sequential cell  
The clock pin vga/ImageData1/MemoryArray_reg_3_5/CLKARDCLK is not reached by a timing clock
Related violations: <none>

TIMING-17#342 Critical Warning
Non-clocked sequential cell  
The clock pin vga/ImageData1/MemoryArray_reg_3_6/CLKARDCLK is not reached by a timing clock
Related violations: <none>

TIMING-17#343 Critical Warning
Non-clocked sequential cell  
The clock pin vga/ImageData1/MemoryArray_reg_3_7/CLKARDCLK is not reached by a timing clock
Related violations: <none>

TIMING-17#344 Critical Warning
Non-clocked sequential cell  
The clock pin vga/ImageData1/MemoryArray_reg_4_0/CLKARDCLK is not reached by a timing clock
Related violations: <none>

TIMING-17#345 Critical Warning
Non-clocked sequential cell  
The clock pin vga/ImageData1/MemoryArray_reg_4_1/CLKARDCLK is not reached by a timing clock
Related violations: <none>

TIMING-17#346 Critical Warning
Non-clocked sequential cell  
The clock pin vga/ImageData1/MemoryArray_reg_4_2/CLKARDCLK is not reached by a timing clock
Related violations: <none>

TIMING-17#347 Critical Warning
Non-clocked sequential cell  
The clock pin vga/ImageData1/MemoryArray_reg_4_3/CLKARDCLK is not reached by a timing clock
Related violations: <none>

TIMING-17#348 Critical Warning
Non-clocked sequential cell  
The clock pin vga/ImageData1/MemoryArray_reg_4_4/CLKARDCLK is not reached by a timing clock
Related violations: <none>

TIMING-17#349 Critical Warning
Non-clocked sequential cell  
The clock pin vga/ImageData1/MemoryArray_reg_4_5/CLKARDCLK is not reached by a timing clock
Related violations: <none>

TIMING-17#350 Critical Warning
Non-clocked sequential cell  
The clock pin vga/ImageData1/MemoryArray_reg_4_6/CLKARDCLK is not reached by a timing clock
Related violations: <none>

TIMING-17#351 Critical Warning
Non-clocked sequential cell  
The clock pin vga/ImageData1/MemoryArray_reg_4_7/CLKARDCLK is not reached by a timing clock
Related violations: <none>

TIMING-17#352 Critical Warning
Non-clocked sequential cell  
The clock pin vga/ImageData1/MemoryArray_reg_5_0/CLKARDCLK is not reached by a timing clock
Related violations: <none>

TIMING-17#353 Critical Warning
Non-clocked sequential cell  
The clock pin vga/ImageData1/MemoryArray_reg_5_1/CLKARDCLK is not reached by a timing clock
Related violations: <none>

TIMING-17#354 Critical Warning
Non-clocked sequential cell  
The clock pin vga/ImageData1/MemoryArray_reg_5_2/CLKARDCLK is not reached by a timing clock
Related violations: <none>

TIMING-17#355 Critical Warning
Non-clocked sequential cell  
The clock pin vga/ImageData1/MemoryArray_reg_5_3/CLKARDCLK is not reached by a timing clock
Related violations: <none>

TIMING-17#356 Critical Warning
Non-clocked sequential cell  
The clock pin vga/ImageData1/MemoryArray_reg_5_4/CLKARDCLK is not reached by a timing clock
Related violations: <none>

TIMING-17#357 Critical Warning
Non-clocked sequential cell  
The clock pin vga/ImageData1/MemoryArray_reg_5_5/CLKARDCLK is not reached by a timing clock
Related violations: <none>

TIMING-17#358 Critical Warning
Non-clocked sequential cell  
The clock pin vga/ImageData1/MemoryArray_reg_5_6/CLKARDCLK is not reached by a timing clock
Related violations: <none>

TIMING-17#359 Critical Warning
Non-clocked sequential cell  
The clock pin vga/ImageData1/MemoryArray_reg_5_7/CLKARDCLK is not reached by a timing clock
Related violations: <none>

TIMING-17#360 Critical Warning
Non-clocked sequential cell  
The clock pin vga/ImageData1/MemoryArray_reg_6_0/CLKARDCLK is not reached by a timing clock
Related violations: <none>

TIMING-17#361 Critical Warning
Non-clocked sequential cell  
The clock pin vga/ImageData1/MemoryArray_reg_6_1/CLKARDCLK is not reached by a timing clock
Related violations: <none>

TIMING-17#362 Critical Warning
Non-clocked sequential cell  
The clock pin vga/ImageData1/MemoryArray_reg_6_2/CLKARDCLK is not reached by a timing clock
Related violations: <none>

TIMING-17#363 Critical Warning
Non-clocked sequential cell  
The clock pin vga/ImageData1/MemoryArray_reg_6_3/CLKARDCLK is not reached by a timing clock
Related violations: <none>

TIMING-17#364 Critical Warning
Non-clocked sequential cell  
The clock pin vga/ImageData1/MemoryArray_reg_6_4/CLKARDCLK is not reached by a timing clock
Related violations: <none>

TIMING-17#365 Critical Warning
Non-clocked sequential cell  
The clock pin vga/ImageData1/MemoryArray_reg_6_5/CLKARDCLK is not reached by a timing clock
Related violations: <none>

TIMING-17#366 Critical Warning
Non-clocked sequential cell  
The clock pin vga/ImageData1/MemoryArray_reg_6_6/CLKARDCLK is not reached by a timing clock
Related violations: <none>

TIMING-17#367 Critical Warning
Non-clocked sequential cell  
The clock pin vga/ImageData1/MemoryArray_reg_6_7/CLKARDCLK is not reached by a timing clock
Related violations: <none>

TIMING-17#368 Critical Warning
Non-clocked sequential cell  
The clock pin vga/ImageData1/MemoryArray_reg_7_0/CLKARDCLK is not reached by a timing clock
Related violations: <none>

TIMING-17#369 Critical Warning
Non-clocked sequential cell  
The clock pin vga/ImageData1/MemoryArray_reg_7_1/CLKARDCLK is not reached by a timing clock
Related violations: <none>

TIMING-17#370 Critical Warning
Non-clocked sequential cell  
The clock pin vga/ImageData1/MemoryArray_reg_7_2/CLKARDCLK is not reached by a timing clock
Related violations: <none>

TIMING-17#371 Critical Warning
Non-clocked sequential cell  
The clock pin vga/ImageData1/MemoryArray_reg_7_3/CLKARDCLK is not reached by a timing clock
Related violations: <none>

TIMING-17#372 Critical Warning
Non-clocked sequential cell  
The clock pin vga/ImageData1/MemoryArray_reg_7_4/CLKARDCLK is not reached by a timing clock
Related violations: <none>

TIMING-17#373 Critical Warning
Non-clocked sequential cell  
The clock pin vga/ImageData1/MemoryArray_reg_7_5/CLKARDCLK is not reached by a timing clock
Related violations: <none>

TIMING-17#374 Critical Warning
Non-clocked sequential cell  
The clock pin vga/ImageData1/MemoryArray_reg_7_6/CLKARDCLK is not reached by a timing clock
Related violations: <none>

TIMING-17#375 Critical Warning
Non-clocked sequential cell  
The clock pin vga/ImageData1/MemoryArray_reg_7_7/CLKARDCLK is not reached by a timing clock
Related violations: <none>

TIMING-17#376 Critical Warning
Non-clocked sequential cell  
The clock pin vga/ImageData1/MemoryArray_reg_8_0/CLKARDCLK is not reached by a timing clock
Related violations: <none>

TIMING-17#377 Critical Warning
Non-clocked sequential cell  
The clock pin vga/ImageData1/MemoryArray_reg_8_1/CLKARDCLK is not reached by a timing clock
Related violations: <none>

TIMING-17#378 Critical Warning
Non-clocked sequential cell  
The clock pin vga/ImageData1/MemoryArray_reg_8_2/CLKARDCLK is not reached by a timing clock
Related violations: <none>

TIMING-17#379 Critical Warning
Non-clocked sequential cell  
The clock pin vga/ImageData1/MemoryArray_reg_8_3/CLKARDCLK is not reached by a timing clock
Related violations: <none>

TIMING-17#380 Critical Warning
Non-clocked sequential cell  
The clock pin vga/ImageData1/MemoryArray_reg_8_4/CLKARDCLK is not reached by a timing clock
Related violations: <none>

TIMING-17#381 Critical Warning
Non-clocked sequential cell  
The clock pin vga/ImageData1/MemoryArray_reg_8_5/CLKARDCLK is not reached by a timing clock
Related violations: <none>

TIMING-17#382 Critical Warning
Non-clocked sequential cell  
The clock pin vga/ImageData1/MemoryArray_reg_8_6/CLKARDCLK is not reached by a timing clock
Related violations: <none>

TIMING-17#383 Critical Warning
Non-clocked sequential cell  
The clock pin vga/ImageData1/MemoryArray_reg_8_7/CLKARDCLK is not reached by a timing clock
Related violations: <none>

TIMING-17#384 Critical Warning
Non-clocked sequential cell  
The clock pin vga/ImageData1/MemoryArray_reg_9_0/CLKARDCLK is not reached by a timing clock
Related violations: <none>

TIMING-17#385 Critical Warning
Non-clocked sequential cell  
The clock pin vga/ImageData1/MemoryArray_reg_9_1/CLKARDCLK is not reached by a timing clock
Related violations: <none>

TIMING-17#386 Critical Warning
Non-clocked sequential cell  
The clock pin vga/ImageData1/MemoryArray_reg_9_2/CLKARDCLK is not reached by a timing clock
Related violations: <none>

TIMING-17#387 Critical Warning
Non-clocked sequential cell  
The clock pin vga/ImageData1/MemoryArray_reg_9_3/CLKARDCLK is not reached by a timing clock
Related violations: <none>

TIMING-17#388 Critical Warning
Non-clocked sequential cell  
The clock pin vga/ImageData1/MemoryArray_reg_9_4/CLKARDCLK is not reached by a timing clock
Related violations: <none>

TIMING-17#389 Critical Warning
Non-clocked sequential cell  
The clock pin vga/ImageData1/MemoryArray_reg_9_5/CLKARDCLK is not reached by a timing clock
Related violations: <none>

TIMING-17#390 Critical Warning
Non-clocked sequential cell  
The clock pin vga/ImageData1/MemoryArray_reg_9_6/CLKARDCLK is not reached by a timing clock
Related violations: <none>

TIMING-17#391 Critical Warning
Non-clocked sequential cell  
The clock pin vga/ImageData1/MemoryArray_reg_9_7/CLKARDCLK is not reached by a timing clock
Related violations: <none>

TIMING-17#392 Critical Warning
Non-clocked sequential cell  
The clock pin vga/ImageData1/MemoryArray_reg_mux_sel__15/C is not reached by a timing clock
Related violations: <none>

TIMING-17#393 Critical Warning
Non-clocked sequential cell  
The clock pin vga/ImageData1/MemoryArray_reg_mux_sel__24/C is not reached by a timing clock
Related violations: <none>

TIMING-17#394 Critical Warning
Non-clocked sequential cell  
The clock pin vga/ImageData1/MemoryArray_reg_mux_sel__6/C is not reached by a timing clock
Related violations: <none>

TIMING-17#395 Critical Warning
Non-clocked sequential cell  
The clock pin vga/ImageData1/vga/ImageData1/MemoryArray_reg_0_0_cooolgate_en_gate_1_cooolDelFlop/C is not reached by a timing clock
Related violations: <none>

TIMING-17#396 Critical Warning
Non-clocked sequential cell  
The clock pin vga/ImageData1/vga/ImageData1/MemoryArray_reg_2_0_cooolgate_en_gate_18_cooolDelFlop/C is not reached by a timing clock
Related violations: <none>

TIMING-17#397 Critical Warning
Non-clocked sequential cell  
The clock pin vga/ImageData1/vga/ImageData1/MemoryArray_reg_4_0_cooolgate_en_gate_35_cooolDelFlop/C is not reached by a timing clock
Related violations: <none>

TIMING-17#398 Critical Warning
Non-clocked sequential cell  
The clock pin vga/ImageData1/vga/ImageData1/MemoryArray_reg_6_0_cooolgate_en_gate_52_cooolDelFlop/C is not reached by a timing clock
Related violations: <none>

TIMING-17#399 Critical Warning
Non-clocked sequential cell  
The clock pin vga/ImageData1/vga/ImageData1/MemoryArray_reg_8_0_cooolgate_en_gate_69_cooolDelFlop/C is not reached by a timing clock
Related violations: <none>

TIMING-17#400 Critical Warning
Non-clocked sequential cell  
The clock pin vga/apple/ColorPalette/MemoryArray_reg/CLKARDCLK is not reached by a timing clock
Related violations: <none>

TIMING-17#401 Critical Warning
Non-clocked sequential cell  
The clock pin vga/apple/ImageData/MemoryArray_reg/CLKARDCLK is not reached by a timing clock
Related violations: <none>

TIMING-17#402 Critical Warning
Non-clocked sequential cell  
The clock pin vga/appleStatus_reg/C is not reached by a timing clock
Related violations: <none>

TIMING-17#403 Critical Warning
Non-clocked sequential cell  
The clock pin vga/pixCounter_reg[0]/C is not reached by a timing clock
Related violations: <none>

TIMING-17#404 Critical Warning
Non-clocked sequential cell  
The clock pin vga/pixCounter_reg[1]/C is not reached by a timing clock
Related violations: <none>

TIMING-17#405 Critical Warning
Non-clocked sequential cell  
The clock pin vga/water/ColorPalette/MemoryArray_reg/CLKARDCLK is not reached by a timing clock
Related violations: <none>

TIMING-17#406 Critical Warning
Non-clocked sequential cell  
The clock pin vga/water/ImageData/MemoryArray_reg/CLKARDCLK is not reached by a timing clock
Related violations: <none>

TIMING-17#407 Critical Warning
Non-clocked sequential cell  
The clock pin vga/waterStatus_reg/C is not reached by a timing clock
Related violations: <none>

TIMING-17#408 Critical Warning
Non-clocked sequential cell  
The clock pin vga/xcoordinateApple_reg[0]/C is not reached by a timing clock
Related violations: <none>

TIMING-17#409 Critical Warning
Non-clocked sequential cell  
The clock pin vga/xcoordinateApple_reg[1]/C is not reached by a timing clock
Related violations: <none>

TIMING-17#410 Critical Warning
Non-clocked sequential cell  
The clock pin vga/xcoordinateApple_reg[2]/C is not reached by a timing clock
Related violations: <none>

TIMING-17#411 Critical Warning
Non-clocked sequential cell  
The clock pin vga/xcoordinateApple_reg[3]/C is not reached by a timing clock
Related violations: <none>

TIMING-17#412 Critical Warning
Non-clocked sequential cell  
The clock pin vga/xcoordinateApple_reg[4]/C is not reached by a timing clock
Related violations: <none>

TIMING-17#413 Critical Warning
Non-clocked sequential cell  
The clock pin vga/xcoordinateApple_reg[5]/C is not reached by a timing clock
Related violations: <none>

TIMING-17#414 Critical Warning
Non-clocked sequential cell  
The clock pin vga/xcoordinateApple_reg[6]/C is not reached by a timing clock
Related violations: <none>

TIMING-17#415 Critical Warning
Non-clocked sequential cell  
The clock pin vga/xcoordinateApple_reg[7]/C is not reached by a timing clock
Related violations: <none>

TIMING-17#416 Critical Warning
Non-clocked sequential cell  
The clock pin vga/xcoordinateApple_reg[8]/C is not reached by a timing clock
Related violations: <none>

TIMING-17#417 Critical Warning
Non-clocked sequential cell  
The clock pin vga/xcoordinateWater_reg[0]/C is not reached by a timing clock
Related violations: <none>

TIMING-17#418 Critical Warning
Non-clocked sequential cell  
The clock pin vga/xcoordinateWater_reg[1]/C is not reached by a timing clock
Related violations: <none>

TIMING-17#419 Critical Warning
Non-clocked sequential cell  
The clock pin vga/xcoordinateWater_reg[2]/C is not reached by a timing clock
Related violations: <none>

TIMING-17#420 Critical Warning
Non-clocked sequential cell  
The clock pin vga/xcoordinateWater_reg[3]/C is not reached by a timing clock
Related violations: <none>

TIMING-17#421 Critical Warning
Non-clocked sequential cell  
The clock pin vga/xcoordinateWater_reg[4]/C is not reached by a timing clock
Related violations: <none>

TIMING-17#422 Critical Warning
Non-clocked sequential cell  
The clock pin vga/xcoordinateWater_reg[5]/C is not reached by a timing clock
Related violations: <none>

TIMING-17#423 Critical Warning
Non-clocked sequential cell  
The clock pin vga/xcoordinateWater_reg[6]/C is not reached by a timing clock
Related violations: <none>

TIMING-17#424 Critical Warning
Non-clocked sequential cell  
The clock pin vga/xcoordinateWater_reg[7]/C is not reached by a timing clock
Related violations: <none>

TIMING-17#425 Critical Warning
Non-clocked sequential cell  
The clock pin vga/xcoordinateWater_reg[8]/C is not reached by a timing clock
Related violations: <none>

TIMING-17#426 Critical Warning
Non-clocked sequential cell  
The clock pin vga/xcoordinateWater_reg[9]/C is not reached by a timing clock
Related violations: <none>

TIMING-17#427 Critical Warning
Non-clocked sequential cell  
The clock pin vga/ycoordinateApple_reg[0]/C is not reached by a timing clock
Related violations: <none>

TIMING-17#428 Critical Warning
Non-clocked sequential cell  
The clock pin vga/ycoordinateApple_reg[1]/C is not reached by a timing clock
Related violations: <none>

TIMING-17#429 Critical Warning
Non-clocked sequential cell  
The clock pin vga/ycoordinateApple_reg[2]/C is not reached by a timing clock
Related violations: <none>

TIMING-17#430 Critical Warning
Non-clocked sequential cell  
The clock pin vga/ycoordinateApple_reg[3]/C is not reached by a timing clock
Related violations: <none>

TIMING-17#431 Critical Warning
Non-clocked sequential cell  
The clock pin vga/ycoordinateApple_reg[4]/C is not reached by a timing clock
Related violations: <none>

TIMING-17#432 Critical Warning
Non-clocked sequential cell  
The clock pin vga/ycoordinateApple_reg[5]/C is not reached by a timing clock
Related violations: <none>

TIMING-17#433 Critical Warning
Non-clocked sequential cell  
The clock pin vga/ycoordinateApple_reg[6]/C is not reached by a timing clock
Related violations: <none>

TIMING-17#434 Critical Warning
Non-clocked sequential cell  
The clock pin vga/ycoordinateApple_reg[7]/C is not reached by a timing clock
Related violations: <none>

TIMING-17#435 Critical Warning
Non-clocked sequential cell  
The clock pin vga/ycoordinateApple_reg[8]/C is not reached by a timing clock
Related violations: <none>

TIMING-17#436 Critical Warning
Non-clocked sequential cell  
The clock pin vga/ycoordinateWater_reg[0]/C is not reached by a timing clock
Related violations: <none>

TIMING-17#437 Critical Warning
Non-clocked sequential cell  
The clock pin vga/ycoordinateWater_reg[1]/C is not reached by a timing clock
Related violations: <none>

TIMING-17#438 Critical Warning
Non-clocked sequential cell  
The clock pin vga/ycoordinateWater_reg[2]/C is not reached by a timing clock
Related violations: <none>

TIMING-17#439 Critical Warning
Non-clocked sequential cell  
The clock pin vga/ycoordinateWater_reg[3]/C is not reached by a timing clock
Related violations: <none>

TIMING-17#440 Critical Warning
Non-clocked sequential cell  
The clock pin vga/ycoordinateWater_reg[4]/C is not reached by a timing clock
Related violations: <none>

TIMING-17#441 Critical Warning
Non-clocked sequential cell  
The clock pin vga/ycoordinateWater_reg[5]/C is not reached by a timing clock
Related violations: <none>

TIMING-17#442 Critical Warning
Non-clocked sequential cell  
The clock pin vga/ycoordinateWater_reg[6]/C is not reached by a timing clock
Related violations: <none>

TIMING-17#443 Critical Warning
Non-clocked sequential cell  
The clock pin vga/ycoordinateWater_reg[7]/C is not reached by a timing clock
Related violations: <none>

TIMING-17#444 Critical Warning
Non-clocked sequential cell  
The clock pin vga/ycoordinateWater_reg[8]/C is not reached by a timing clock
Related violations: <none>


