
*** Running vivado
    with args -log Nexys4UserDemo.vdi -applog -m64 -product Vivado -messageDb vivado.pb -mode batch -source Nexys4UserDemo.tcl -notrace



****** Vivado v2020.1 (64-bit)
  **** SW Build 2902540 on Wed May 27 19:54:49 MDT 2020
  **** IP Build 2902112 on Wed May 27 22:43:36 MDT 2020
    ** Copyright 1986-2020 Xilinx, Inc. All Rights Reserved.

source Nexys4UserDemo.tcl -notrace
Command: link_design -top Nexys4UserDemo -part xc7a100tcsg324-1
Design is defaulting to srcset: sources_1
Design is defaulting to constrset: constrs_1
INFO: [Device 21-403] Loading part xc7a100tcsg324-1
Netlist sorting complete. Time (s): cpu = 00:00:00 ; elapsed = 00:00:00.095 . Memory (MB): peak = 1014.422 ; gain = 0.000
INFO: [Netlist 29-17] Analyzing 807 Unisim elements for replacement
INFO: [Netlist 29-28] Unisim Transformation completed in 0 CPU seconds
INFO: [Project 1-479] Netlist was created with Vivado 2020.1
INFO: [Project 1-570] Preparing netlist for logic optimization
Parsing XDC File [C:/Users/samar/Desktop/Semester 6/ECE350Labs/ECE350_Final_Project/accelerometer/accelerometer.srcs/constrs_1/new/constraints.xdc]
WARNING: [Vivado 12-584] No ports matched 'ACCEL_MAG_I[8]'. [C:/Users/samar/Desktop/Semester 6/ECE350Labs/ECE350_Final_Project/accelerometer/accelerometer.srcs/constrs_1/new/constraints.xdc:1]
CRITICAL WARNING: [Common 17-55] 'set_property' expects at least one object. [C:/Users/samar/Desktop/Semester 6/ECE350Labs/ECE350_Final_Project/accelerometer/accelerometer.srcs/constrs_1/new/constraints.xdc:1]
Resolution: If [get_<value>] was used to populate the object, check to make sure this command returns at least one valid object.
WARNING: [Vivado 12-584] No ports matched 'ACCEL_MAG_I[7]'. [C:/Users/samar/Desktop/Semester 6/ECE350Labs/ECE350_Final_Project/accelerometer/accelerometer.srcs/constrs_1/new/constraints.xdc:2]
CRITICAL WARNING: [Common 17-55] 'set_property' expects at least one object. [C:/Users/samar/Desktop/Semester 6/ECE350Labs/ECE350_Final_Project/accelerometer/accelerometer.srcs/constrs_1/new/constraints.xdc:2]
Resolution: If [get_<value>] was used to populate the object, check to make sure this command returns at least one valid object.
WARNING: [Vivado 12-584] No ports matched 'ACCEL_MAG_I[6]'. [C:/Users/samar/Desktop/Semester 6/ECE350Labs/ECE350_Final_Project/accelerometer/accelerometer.srcs/constrs_1/new/constraints.xdc:3]
CRITICAL WARNING: [Common 17-55] 'set_property' expects at least one object. [C:/Users/samar/Desktop/Semester 6/ECE350Labs/ECE350_Final_Project/accelerometer/accelerometer.srcs/constrs_1/new/constraints.xdc:3]
Resolution: If [get_<value>] was used to populate the object, check to make sure this command returns at least one valid object.
WARNING: [Vivado 12-584] No ports matched 'ACCEL_MAG_I[5]'. [C:/Users/samar/Desktop/Semester 6/ECE350Labs/ECE350_Final_Project/accelerometer/accelerometer.srcs/constrs_1/new/constraints.xdc:4]
CRITICAL WARNING: [Common 17-55] 'set_property' expects at least one object. [C:/Users/samar/Desktop/Semester 6/ECE350Labs/ECE350_Final_Project/accelerometer/accelerometer.srcs/constrs_1/new/constraints.xdc:4]
Resolution: If [get_<value>] was used to populate the object, check to make sure this command returns at least one valid object.
WARNING: [Vivado 12-584] No ports matched 'ACCEL_MAG_I[4]'. [C:/Users/samar/Desktop/Semester 6/ECE350Labs/ECE350_Final_Project/accelerometer/accelerometer.srcs/constrs_1/new/constraints.xdc:5]
CRITICAL WARNING: [Common 17-55] 'set_property' expects at least one object. [C:/Users/samar/Desktop/Semester 6/ECE350Labs/ECE350_Final_Project/accelerometer/accelerometer.srcs/constrs_1/new/constraints.xdc:5]
Resolution: If [get_<value>] was used to populate the object, check to make sure this command returns at least one valid object.
WARNING: [Vivado 12-584] No ports matched 'ACCEL_MAG_I[3]'. [C:/Users/samar/Desktop/Semester 6/ECE350Labs/ECE350_Final_Project/accelerometer/accelerometer.srcs/constrs_1/new/constraints.xdc:6]
CRITICAL WARNING: [Common 17-55] 'set_property' expects at least one object. [C:/Users/samar/Desktop/Semester 6/ECE350Labs/ECE350_Final_Project/accelerometer/accelerometer.srcs/constrs_1/new/constraints.xdc:6]
Resolution: If [get_<value>] was used to populate the object, check to make sure this command returns at least one valid object.
WARNING: [Vivado 12-584] No ports matched 'ACCEL_MAG_I[2]'. [C:/Users/samar/Desktop/Semester 6/ECE350Labs/ECE350_Final_Project/accelerometer/accelerometer.srcs/constrs_1/new/constraints.xdc:7]
CRITICAL WARNING: [Common 17-55] 'set_property' expects at least one object. [C:/Users/samar/Desktop/Semester 6/ECE350Labs/ECE350_Final_Project/accelerometer/accelerometer.srcs/constrs_1/new/constraints.xdc:7]
Resolution: If [get_<value>] was used to populate the object, check to make sure this command returns at least one valid object.
WARNING: [Vivado 12-584] No ports matched 'ACCEL_MAG_I[1]'. [C:/Users/samar/Desktop/Semester 6/ECE350Labs/ECE350_Final_Project/accelerometer/accelerometer.srcs/constrs_1/new/constraints.xdc:8]
CRITICAL WARNING: [Common 17-55] 'set_property' expects at least one object. [C:/Users/samar/Desktop/Semester 6/ECE350Labs/ECE350_Final_Project/accelerometer/accelerometer.srcs/constrs_1/new/constraints.xdc:8]
Resolution: If [get_<value>] was used to populate the object, check to make sure this command returns at least one valid object.
WARNING: [Vivado 12-584] No ports matched 'ACCEL_MAG_I[0]'. [C:/Users/samar/Desktop/Semester 6/ECE350Labs/ECE350_Final_Project/accelerometer/accelerometer.srcs/constrs_1/new/constraints.xdc:9]
CRITICAL WARNING: [Common 17-55] 'set_property' expects at least one object. [C:/Users/samar/Desktop/Semester 6/ECE350Labs/ECE350_Final_Project/accelerometer/accelerometer.srcs/constrs_1/new/constraints.xdc:9]
Resolution: If [get_<value>] was used to populate the object, check to make sure this command returns at least one valid object.
WARNING: [Vivado 12-584] No ports matched 'ACCEL_RADIUS[11]'. [C:/Users/samar/Desktop/Semester 6/ECE350Labs/ECE350_Final_Project/accelerometer/accelerometer.srcs/constrs_1/new/constraints.xdc:10]
CRITICAL WARNING: [Common 17-55] 'set_property' expects at least one object. [C:/Users/samar/Desktop/Semester 6/ECE350Labs/ECE350_Final_Project/accelerometer/accelerometer.srcs/constrs_1/new/constraints.xdc:10]
Resolution: If [get_<value>] was used to populate the object, check to make sure this command returns at least one valid object.
WARNING: [Vivado 12-584] No ports matched 'ACCEL_RADIUS[10]'. [C:/Users/samar/Desktop/Semester 6/ECE350Labs/ECE350_Final_Project/accelerometer/accelerometer.srcs/constrs_1/new/constraints.xdc:11]
CRITICAL WARNING: [Common 17-55] 'set_property' expects at least one object. [C:/Users/samar/Desktop/Semester 6/ECE350Labs/ECE350_Final_Project/accelerometer/accelerometer.srcs/constrs_1/new/constraints.xdc:11]
Resolution: If [get_<value>] was used to populate the object, check to make sure this command returns at least one valid object.
WARNING: [Vivado 12-584] No ports matched 'ACCEL_RADIUS[9]'. [C:/Users/samar/Desktop/Semester 6/ECE350Labs/ECE350_Final_Project/accelerometer/accelerometer.srcs/constrs_1/new/constraints.xdc:12]
CRITICAL WARNING: [Common 17-55] 'set_property' expects at least one object. [C:/Users/samar/Desktop/Semester 6/ECE350Labs/ECE350_Final_Project/accelerometer/accelerometer.srcs/constrs_1/new/constraints.xdc:12]
Resolution: If [get_<value>] was used to populate the object, check to make sure this command returns at least one valid object.
WARNING: [Vivado 12-584] No ports matched 'ACCEL_RADIUS[8]'. [C:/Users/samar/Desktop/Semester 6/ECE350Labs/ECE350_Final_Project/accelerometer/accelerometer.srcs/constrs_1/new/constraints.xdc:13]
CRITICAL WARNING: [Common 17-55] 'set_property' expects at least one object. [C:/Users/samar/Desktop/Semester 6/ECE350Labs/ECE350_Final_Project/accelerometer/accelerometer.srcs/constrs_1/new/constraints.xdc:13]
Resolution: If [get_<value>] was used to populate the object, check to make sure this command returns at least one valid object.
WARNING: [Vivado 12-584] No ports matched 'ACCEL_RADIUS[7]'. [C:/Users/samar/Desktop/Semester 6/ECE350Labs/ECE350_Final_Project/accelerometer/accelerometer.srcs/constrs_1/new/constraints.xdc:14]
CRITICAL WARNING: [Common 17-55] 'set_property' expects at least one object. [C:/Users/samar/Desktop/Semester 6/ECE350Labs/ECE350_Final_Project/accelerometer/accelerometer.srcs/constrs_1/new/constraints.xdc:14]
Resolution: If [get_<value>] was used to populate the object, check to make sure this command returns at least one valid object.
WARNING: [Vivado 12-584] No ports matched 'ACCEL_RADIUS[6]'. [C:/Users/samar/Desktop/Semester 6/ECE350Labs/ECE350_Final_Project/accelerometer/accelerometer.srcs/constrs_1/new/constraints.xdc:15]
CRITICAL WARNING: [Common 17-55] 'set_property' expects at least one object. [C:/Users/samar/Desktop/Semester 6/ECE350Labs/ECE350_Final_Project/accelerometer/accelerometer.srcs/constrs_1/new/constraints.xdc:15]
Resolution: If [get_<value>] was used to populate the object, check to make sure this command returns at least one valid object.
WARNING: [Vivado 12-584] No ports matched 'ACCEL_RADIUS[5]'. [C:/Users/samar/Desktop/Semester 6/ECE350Labs/ECE350_Final_Project/accelerometer/accelerometer.srcs/constrs_1/new/constraints.xdc:16]
CRITICAL WARNING: [Common 17-55] 'set_property' expects at least one object. [C:/Users/samar/Desktop/Semester 6/ECE350Labs/ECE350_Final_Project/accelerometer/accelerometer.srcs/constrs_1/new/constraints.xdc:16]
Resolution: If [get_<value>] was used to populate the object, check to make sure this command returns at least one valid object.
WARNING: [Vivado 12-584] No ports matched 'ACCEL_RADIUS[4]'. [C:/Users/samar/Desktop/Semester 6/ECE350Labs/ECE350_Final_Project/accelerometer/accelerometer.srcs/constrs_1/new/constraints.xdc:17]
CRITICAL WARNING: [Common 17-55] 'set_property' expects at least one object. [C:/Users/samar/Desktop/Semester 6/ECE350Labs/ECE350_Final_Project/accelerometer/accelerometer.srcs/constrs_1/new/constraints.xdc:17]
Resolution: If [get_<value>] was used to populate the object, check to make sure this command returns at least one valid object.
WARNING: [Vivado 12-584] No ports matched 'ACCEL_RADIUS[3]'. [C:/Users/samar/Desktop/Semester 6/ECE350Labs/ECE350_Final_Project/accelerometer/accelerometer.srcs/constrs_1/new/constraints.xdc:18]
CRITICAL WARNING: [Common 17-55] 'set_property' expects at least one object. [C:/Users/samar/Desktop/Semester 6/ECE350Labs/ECE350_Final_Project/accelerometer/accelerometer.srcs/constrs_1/new/constraints.xdc:18]
Resolution: If [get_<value>] was used to populate the object, check to make sure this command returns at least one valid object.
WARNING: [Vivado 12-584] No ports matched 'ACCEL_RADIUS[2]'. [C:/Users/samar/Desktop/Semester 6/ECE350Labs/ECE350_Final_Project/accelerometer/accelerometer.srcs/constrs_1/new/constraints.xdc:19]
CRITICAL WARNING: [Common 17-55] 'set_property' expects at least one object. [C:/Users/samar/Desktop/Semester 6/ECE350Labs/ECE350_Final_Project/accelerometer/accelerometer.srcs/constrs_1/new/constraints.xdc:19]
Resolution: If [get_<value>] was used to populate the object, check to make sure this command returns at least one valid object.
WARNING: [Vivado 12-584] No ports matched 'ACCEL_RADIUS[1]'. [C:/Users/samar/Desktop/Semester 6/ECE350Labs/ECE350_Final_Project/accelerometer/accelerometer.srcs/constrs_1/new/constraints.xdc:20]
CRITICAL WARNING: [Common 17-55] 'set_property' expects at least one object. [C:/Users/samar/Desktop/Semester 6/ECE350Labs/ECE350_Final_Project/accelerometer/accelerometer.srcs/constrs_1/new/constraints.xdc:20]
Resolution: If [get_<value>] was used to populate the object, check to make sure this command returns at least one valid object.
WARNING: [Vivado 12-584] No ports matched 'ACCEL_RADIUS[0]'. [C:/Users/samar/Desktop/Semester 6/ECE350Labs/ECE350_Final_Project/accelerometer/accelerometer.srcs/constrs_1/new/constraints.xdc:21]
CRITICAL WARNING: [Common 17-55] 'set_property' expects at least one object. [C:/Users/samar/Desktop/Semester 6/ECE350Labs/ECE350_Final_Project/accelerometer/accelerometer.srcs/constrs_1/new/constraints.xdc:21]
Resolution: If [get_<value>] was used to populate the object, check to make sure this command returns at least one valid object.
WARNING: [Vivado 12-584] No ports matched 'ACCEL_X_I[8]'. [C:/Users/samar/Desktop/Semester 6/ECE350Labs/ECE350_Final_Project/accelerometer/accelerometer.srcs/constrs_1/new/constraints.xdc:22]
CRITICAL WARNING: [Common 17-55] 'set_property' expects at least one object. [C:/Users/samar/Desktop/Semester 6/ECE350Labs/ECE350_Final_Project/accelerometer/accelerometer.srcs/constrs_1/new/constraints.xdc:22]
Resolution: If [get_<value>] was used to populate the object, check to make sure this command returns at least one valid object.
WARNING: [Vivado 12-584] No ports matched 'ACCEL_X_I[7]'. [C:/Users/samar/Desktop/Semester 6/ECE350Labs/ECE350_Final_Project/accelerometer/accelerometer.srcs/constrs_1/new/constraints.xdc:23]
CRITICAL WARNING: [Common 17-55] 'set_property' expects at least one object. [C:/Users/samar/Desktop/Semester 6/ECE350Labs/ECE350_Final_Project/accelerometer/accelerometer.srcs/constrs_1/new/constraints.xdc:23]
Resolution: If [get_<value>] was used to populate the object, check to make sure this command returns at least one valid object.
WARNING: [Vivado 12-584] No ports matched 'ACCEL_X_I[6]'. [C:/Users/samar/Desktop/Semester 6/ECE350Labs/ECE350_Final_Project/accelerometer/accelerometer.srcs/constrs_1/new/constraints.xdc:24]
CRITICAL WARNING: [Common 17-55] 'set_property' expects at least one object. [C:/Users/samar/Desktop/Semester 6/ECE350Labs/ECE350_Final_Project/accelerometer/accelerometer.srcs/constrs_1/new/constraints.xdc:24]
Resolution: If [get_<value>] was used to populate the object, check to make sure this command returns at least one valid object.
WARNING: [Vivado 12-584] No ports matched 'ACCEL_X_I[5]'. [C:/Users/samar/Desktop/Semester 6/ECE350Labs/ECE350_Final_Project/accelerometer/accelerometer.srcs/constrs_1/new/constraints.xdc:25]
CRITICAL WARNING: [Common 17-55] 'set_property' expects at least one object. [C:/Users/samar/Desktop/Semester 6/ECE350Labs/ECE350_Final_Project/accelerometer/accelerometer.srcs/constrs_1/new/constraints.xdc:25]
Resolution: If [get_<value>] was used to populate the object, check to make sure this command returns at least one valid object.
WARNING: [Vivado 12-584] No ports matched 'ACCEL_X_I[4]'. [C:/Users/samar/Desktop/Semester 6/ECE350Labs/ECE350_Final_Project/accelerometer/accelerometer.srcs/constrs_1/new/constraints.xdc:26]
CRITICAL WARNING: [Common 17-55] 'set_property' expects at least one object. [C:/Users/samar/Desktop/Semester 6/ECE350Labs/ECE350_Final_Project/accelerometer/accelerometer.srcs/constrs_1/new/constraints.xdc:26]
Resolution: If [get_<value>] was used to populate the object, check to make sure this command returns at least one valid object.
WARNING: [Vivado 12-584] No ports matched 'ACCEL_X_I[3]'. [C:/Users/samar/Desktop/Semester 6/ECE350Labs/ECE350_Final_Project/accelerometer/accelerometer.srcs/constrs_1/new/constraints.xdc:27]
CRITICAL WARNING: [Common 17-55] 'set_property' expects at least one object. [C:/Users/samar/Desktop/Semester 6/ECE350Labs/ECE350_Final_Project/accelerometer/accelerometer.srcs/constrs_1/new/constraints.xdc:27]
Resolution: If [get_<value>] was used to populate the object, check to make sure this command returns at least one valid object.
WARNING: [Vivado 12-584] No ports matched 'ACCEL_X_I[2]'. [C:/Users/samar/Desktop/Semester 6/ECE350Labs/ECE350_Final_Project/accelerometer/accelerometer.srcs/constrs_1/new/constraints.xdc:28]
CRITICAL WARNING: [Common 17-55] 'set_property' expects at least one object. [C:/Users/samar/Desktop/Semester 6/ECE350Labs/ECE350_Final_Project/accelerometer/accelerometer.srcs/constrs_1/new/constraints.xdc:28]
Resolution: If [get_<value>] was used to populate the object, check to make sure this command returns at least one valid object.
WARNING: [Vivado 12-584] No ports matched 'ACCEL_X_I[1]'. [C:/Users/samar/Desktop/Semester 6/ECE350Labs/ECE350_Final_Project/accelerometer/accelerometer.srcs/constrs_1/new/constraints.xdc:29]
CRITICAL WARNING: [Common 17-55] 'set_property' expects at least one object. [C:/Users/samar/Desktop/Semester 6/ECE350Labs/ECE350_Final_Project/accelerometer/accelerometer.srcs/constrs_1/new/constraints.xdc:29]
Resolution: If [get_<value>] was used to populate the object, check to make sure this command returns at least one valid object.
WARNING: [Vivado 12-584] No ports matched 'ACCEL_X_I[0]'. [C:/Users/samar/Desktop/Semester 6/ECE350Labs/ECE350_Final_Project/accelerometer/accelerometer.srcs/constrs_1/new/constraints.xdc:30]
CRITICAL WARNING: [Common 17-55] 'set_property' expects at least one object. [C:/Users/samar/Desktop/Semester 6/ECE350Labs/ECE350_Final_Project/accelerometer/accelerometer.srcs/constrs_1/new/constraints.xdc:30]
Resolution: If [get_<value>] was used to populate the object, check to make sure this command returns at least one valid object.
WARNING: [Vivado 12-584] No ports matched 'ACCEL_Y_I[8]'. [C:/Users/samar/Desktop/Semester 6/ECE350Labs/ECE350_Final_Project/accelerometer/accelerometer.srcs/constrs_1/new/constraints.xdc:31]
CRITICAL WARNING: [Common 17-55] 'set_property' expects at least one object. [C:/Users/samar/Desktop/Semester 6/ECE350Labs/ECE350_Final_Project/accelerometer/accelerometer.srcs/constrs_1/new/constraints.xdc:31]
Resolution: If [get_<value>] was used to populate the object, check to make sure this command returns at least one valid object.
WARNING: [Vivado 12-584] No ports matched 'ACCEL_Y_I[7]'. [C:/Users/samar/Desktop/Semester 6/ECE350Labs/ECE350_Final_Project/accelerometer/accelerometer.srcs/constrs_1/new/constraints.xdc:32]
CRITICAL WARNING: [Common 17-55] 'set_property' expects at least one object. [C:/Users/samar/Desktop/Semester 6/ECE350Labs/ECE350_Final_Project/accelerometer/accelerometer.srcs/constrs_1/new/constraints.xdc:32]
Resolution: If [get_<value>] was used to populate the object, check to make sure this command returns at least one valid object.
WARNING: [Vivado 12-584] No ports matched 'ACCEL_Y_I[6]'. [C:/Users/samar/Desktop/Semester 6/ECE350Labs/ECE350_Final_Project/accelerometer/accelerometer.srcs/constrs_1/new/constraints.xdc:33]
CRITICAL WARNING: [Common 17-55] 'set_property' expects at least one object. [C:/Users/samar/Desktop/Semester 6/ECE350Labs/ECE350_Final_Project/accelerometer/accelerometer.srcs/constrs_1/new/constraints.xdc:33]
Resolution: If [get_<value>] was used to populate the object, check to make sure this command returns at least one valid object.
WARNING: [Vivado 12-584] No ports matched 'ACCEL_Y_I[5]'. [C:/Users/samar/Desktop/Semester 6/ECE350Labs/ECE350_Final_Project/accelerometer/accelerometer.srcs/constrs_1/new/constraints.xdc:34]
CRITICAL WARNING: [Common 17-55] 'set_property' expects at least one object. [C:/Users/samar/Desktop/Semester 6/ECE350Labs/ECE350_Final_Project/accelerometer/accelerometer.srcs/constrs_1/new/constraints.xdc:34]
Resolution: If [get_<value>] was used to populate the object, check to make sure this command returns at least one valid object.
WARNING: [Vivado 12-584] No ports matched 'ACCEL_Y_I[4]'. [C:/Users/samar/Desktop/Semester 6/ECE350Labs/ECE350_Final_Project/accelerometer/accelerometer.srcs/constrs_1/new/constraints.xdc:35]
CRITICAL WARNING: [Common 17-55] 'set_property' expects at least one object. [C:/Users/samar/Desktop/Semester 6/ECE350Labs/ECE350_Final_Project/accelerometer/accelerometer.srcs/constrs_1/new/constraints.xdc:35]
Resolution: If [get_<value>] was used to populate the object, check to make sure this command returns at least one valid object.
WARNING: [Vivado 12-584] No ports matched 'ACCEL_Y_I[3]'. [C:/Users/samar/Desktop/Semester 6/ECE350Labs/ECE350_Final_Project/accelerometer/accelerometer.srcs/constrs_1/new/constraints.xdc:36]
CRITICAL WARNING: [Common 17-55] 'set_property' expects at least one object. [C:/Users/samar/Desktop/Semester 6/ECE350Labs/ECE350_Final_Project/accelerometer/accelerometer.srcs/constrs_1/new/constraints.xdc:36]
Resolution: If [get_<value>] was used to populate the object, check to make sure this command returns at least one valid object.
WARNING: [Vivado 12-584] No ports matched 'ACCEL_Y_I[2]'. [C:/Users/samar/Desktop/Semester 6/ECE350Labs/ECE350_Final_Project/accelerometer/accelerometer.srcs/constrs_1/new/constraints.xdc:37]
CRITICAL WARNING: [Common 17-55] 'set_property' expects at least one object. [C:/Users/samar/Desktop/Semester 6/ECE350Labs/ECE350_Final_Project/accelerometer/accelerometer.srcs/constrs_1/new/constraints.xdc:37]
Resolution: If [get_<value>] was used to populate the object, check to make sure this command returns at least one valid object.
WARNING: [Vivado 12-584] No ports matched 'ACCEL_Y_I[1]'. [C:/Users/samar/Desktop/Semester 6/ECE350Labs/ECE350_Final_Project/accelerometer/accelerometer.srcs/constrs_1/new/constraints.xdc:38]
CRITICAL WARNING: [Common 17-55] 'set_property' expects at least one object. [C:/Users/samar/Desktop/Semester 6/ECE350Labs/ECE350_Final_Project/accelerometer/accelerometer.srcs/constrs_1/new/constraints.xdc:38]
Resolution: If [get_<value>] was used to populate the object, check to make sure this command returns at least one valid object.
WARNING: [Vivado 12-584] No ports matched 'ACCEL_Y_I[0]'. [C:/Users/samar/Desktop/Semester 6/ECE350Labs/ECE350_Final_Project/accelerometer/accelerometer.srcs/constrs_1/new/constraints.xdc:39]
CRITICAL WARNING: [Common 17-55] 'set_property' expects at least one object. [C:/Users/samar/Desktop/Semester 6/ECE350Labs/ECE350_Final_Project/accelerometer/accelerometer.srcs/constrs_1/new/constraints.xdc:39]
Resolution: If [get_<value>] was used to populate the object, check to make sure this command returns at least one valid object.
WARNING: [Vivado 12-584] No ports matched 'BLUE_O[3]'. [C:/Users/samar/Desktop/Semester 6/ECE350Labs/ECE350_Final_Project/accelerometer/accelerometer.srcs/constrs_1/new/constraints.xdc:40]
CRITICAL WARNING: [Common 17-55] 'set_property' expects at least one object. [C:/Users/samar/Desktop/Semester 6/ECE350Labs/ECE350_Final_Project/accelerometer/accelerometer.srcs/constrs_1/new/constraints.xdc:40]
Resolution: If [get_<value>] was used to populate the object, check to make sure this command returns at least one valid object.
WARNING: [Vivado 12-584] No ports matched 'BLUE_O[2]'. [C:/Users/samar/Desktop/Semester 6/ECE350Labs/ECE350_Final_Project/accelerometer/accelerometer.srcs/constrs_1/new/constraints.xdc:41]
CRITICAL WARNING: [Common 17-55] 'set_property' expects at least one object. [C:/Users/samar/Desktop/Semester 6/ECE350Labs/ECE350_Final_Project/accelerometer/accelerometer.srcs/constrs_1/new/constraints.xdc:41]
Resolution: If [get_<value>] was used to populate the object, check to make sure this command returns at least one valid object.
WARNING: [Vivado 12-584] No ports matched 'BLUE_O[1]'. [C:/Users/samar/Desktop/Semester 6/ECE350Labs/ECE350_Final_Project/accelerometer/accelerometer.srcs/constrs_1/new/constraints.xdc:42]
CRITICAL WARNING: [Common 17-55] 'set_property' expects at least one object. [C:/Users/samar/Desktop/Semester 6/ECE350Labs/ECE350_Final_Project/accelerometer/accelerometer.srcs/constrs_1/new/constraints.xdc:42]
Resolution: If [get_<value>] was used to populate the object, check to make sure this command returns at least one valid object.
WARNING: [Vivado 12-584] No ports matched 'BLUE_O[0]'. [C:/Users/samar/Desktop/Semester 6/ECE350Labs/ECE350_Final_Project/accelerometer/accelerometer.srcs/constrs_1/new/constraints.xdc:43]
CRITICAL WARNING: [Common 17-55] 'set_property' expects at least one object. [C:/Users/samar/Desktop/Semester 6/ECE350Labs/ECE350_Final_Project/accelerometer/accelerometer.srcs/constrs_1/new/constraints.xdc:43]
Resolution: If [get_<value>] was used to populate the object, check to make sure this command returns at least one valid object.
WARNING: [Vivado 12-584] No ports matched 'GREEN_O[3]'. [C:/Users/samar/Desktop/Semester 6/ECE350Labs/ECE350_Final_Project/accelerometer/accelerometer.srcs/constrs_1/new/constraints.xdc:44]
CRITICAL WARNING: [Common 17-55] 'set_property' expects at least one object. [C:/Users/samar/Desktop/Semester 6/ECE350Labs/ECE350_Final_Project/accelerometer/accelerometer.srcs/constrs_1/new/constraints.xdc:44]
Resolution: If [get_<value>] was used to populate the object, check to make sure this command returns at least one valid object.
WARNING: [Vivado 12-584] No ports matched 'GREEN_O[2]'. [C:/Users/samar/Desktop/Semester 6/ECE350Labs/ECE350_Final_Project/accelerometer/accelerometer.srcs/constrs_1/new/constraints.xdc:45]
CRITICAL WARNING: [Common 17-55] 'set_property' expects at least one object. [C:/Users/samar/Desktop/Semester 6/ECE350Labs/ECE350_Final_Project/accelerometer/accelerometer.srcs/constrs_1/new/constraints.xdc:45]
Resolution: If [get_<value>] was used to populate the object, check to make sure this command returns at least one valid object.
WARNING: [Vivado 12-584] No ports matched 'GREEN_O[1]'. [C:/Users/samar/Desktop/Semester 6/ECE350Labs/ECE350_Final_Project/accelerometer/accelerometer.srcs/constrs_1/new/constraints.xdc:46]
CRITICAL WARNING: [Common 17-55] 'set_property' expects at least one object. [C:/Users/samar/Desktop/Semester 6/ECE350Labs/ECE350_Final_Project/accelerometer/accelerometer.srcs/constrs_1/new/constraints.xdc:46]
Resolution: If [get_<value>] was used to populate the object, check to make sure this command returns at least one valid object.
WARNING: [Vivado 12-584] No ports matched 'GREEN_O[0]'. [C:/Users/samar/Desktop/Semester 6/ECE350Labs/ECE350_Final_Project/accelerometer/accelerometer.srcs/constrs_1/new/constraints.xdc:47]
CRITICAL WARNING: [Common 17-55] 'set_property' expects at least one object. [C:/Users/samar/Desktop/Semester 6/ECE350Labs/ECE350_Final_Project/accelerometer/accelerometer.srcs/constrs_1/new/constraints.xdc:47]
Resolution: If [get_<value>] was used to populate the object, check to make sure this command returns at least one valid object.
WARNING: [Vivado 12-584] No ports matched 'H_COUNT_I[11]'. [C:/Users/samar/Desktop/Semester 6/ECE350Labs/ECE350_Final_Project/accelerometer/accelerometer.srcs/constrs_1/new/constraints.xdc:48]
CRITICAL WARNING: [Common 17-55] 'set_property' expects at least one object. [C:/Users/samar/Desktop/Semester 6/ECE350Labs/ECE350_Final_Project/accelerometer/accelerometer.srcs/constrs_1/new/constraints.xdc:48]
Resolution: If [get_<value>] was used to populate the object, check to make sure this command returns at least one valid object.
WARNING: [Vivado 12-584] No ports matched 'H_COUNT_I[10]'. [C:/Users/samar/Desktop/Semester 6/ECE350Labs/ECE350_Final_Project/accelerometer/accelerometer.srcs/constrs_1/new/constraints.xdc:49]
CRITICAL WARNING: [Common 17-55] 'set_property' expects at least one object. [C:/Users/samar/Desktop/Semester 6/ECE350Labs/ECE350_Final_Project/accelerometer/accelerometer.srcs/constrs_1/new/constraints.xdc:49]
Resolution: If [get_<value>] was used to populate the object, check to make sure this command returns at least one valid object.
WARNING: [Vivado 12-584] No ports matched 'H_COUNT_I[9]'. [C:/Users/samar/Desktop/Semester 6/ECE350Labs/ECE350_Final_Project/accelerometer/accelerometer.srcs/constrs_1/new/constraints.xdc:50]
CRITICAL WARNING: [Common 17-55] 'set_property' expects at least one object. [C:/Users/samar/Desktop/Semester 6/ECE350Labs/ECE350_Final_Project/accelerometer/accelerometer.srcs/constrs_1/new/constraints.xdc:50]
Resolution: If [get_<value>] was used to populate the object, check to make sure this command returns at least one valid object.
WARNING: [Vivado 12-584] No ports matched 'H_COUNT_I[8]'. [C:/Users/samar/Desktop/Semester 6/ECE350Labs/ECE350_Final_Project/accelerometer/accelerometer.srcs/constrs_1/new/constraints.xdc:51]
CRITICAL WARNING: [Common 17-55] 'set_property' expects at least one object. [C:/Users/samar/Desktop/Semester 6/ECE350Labs/ECE350_Final_Project/accelerometer/accelerometer.srcs/constrs_1/new/constraints.xdc:51]
Resolution: If [get_<value>] was used to populate the object, check to make sure this command returns at least one valid object.
WARNING: [Vivado 12-584] No ports matched 'H_COUNT_I[7]'. [C:/Users/samar/Desktop/Semester 6/ECE350Labs/ECE350_Final_Project/accelerometer/accelerometer.srcs/constrs_1/new/constraints.xdc:52]
CRITICAL WARNING: [Common 17-55] 'set_property' expects at least one object. [C:/Users/samar/Desktop/Semester 6/ECE350Labs/ECE350_Final_Project/accelerometer/accelerometer.srcs/constrs_1/new/constraints.xdc:52]
Resolution: If [get_<value>] was used to populate the object, check to make sure this command returns at least one valid object.
WARNING: [Vivado 12-584] No ports matched 'H_COUNT_I[6]'. [C:/Users/samar/Desktop/Semester 6/ECE350Labs/ECE350_Final_Project/accelerometer/accelerometer.srcs/constrs_1/new/constraints.xdc:53]
CRITICAL WARNING: [Common 17-55] 'set_property' expects at least one object. [C:/Users/samar/Desktop/Semester 6/ECE350Labs/ECE350_Final_Project/accelerometer/accelerometer.srcs/constrs_1/new/constraints.xdc:53]
Resolution: If [get_<value>] was used to populate the object, check to make sure this command returns at least one valid object.
WARNING: [Vivado 12-584] No ports matched 'H_COUNT_I[5]'. [C:/Users/samar/Desktop/Semester 6/ECE350Labs/ECE350_Final_Project/accelerometer/accelerometer.srcs/constrs_1/new/constraints.xdc:54]
CRITICAL WARNING: [Common 17-55] 'set_property' expects at least one object. [C:/Users/samar/Desktop/Semester 6/ECE350Labs/ECE350_Final_Project/accelerometer/accelerometer.srcs/constrs_1/new/constraints.xdc:54]
Resolution: If [get_<value>] was used to populate the object, check to make sure this command returns at least one valid object.
WARNING: [Vivado 12-584] No ports matched 'H_COUNT_I[4]'. [C:/Users/samar/Desktop/Semester 6/ECE350Labs/ECE350_Final_Project/accelerometer/accelerometer.srcs/constrs_1/new/constraints.xdc:55]
CRITICAL WARNING: [Common 17-55] 'set_property' expects at least one object. [C:/Users/samar/Desktop/Semester 6/ECE350Labs/ECE350_Final_Project/accelerometer/accelerometer.srcs/constrs_1/new/constraints.xdc:55]
Resolution: If [get_<value>] was used to populate the object, check to make sure this command returns at least one valid object.
WARNING: [Vivado 12-584] No ports matched 'H_COUNT_I[3]'. [C:/Users/samar/Desktop/Semester 6/ECE350Labs/ECE350_Final_Project/accelerometer/accelerometer.srcs/constrs_1/new/constraints.xdc:56]
CRITICAL WARNING: [Common 17-55] 'set_property' expects at least one object. [C:/Users/samar/Desktop/Semester 6/ECE350Labs/ECE350_Final_Project/accelerometer/accelerometer.srcs/constrs_1/new/constraints.xdc:56]
Resolution: If [get_<value>] was used to populate the object, check to make sure this command returns at least one valid object.
WARNING: [Vivado 12-584] No ports matched 'H_COUNT_I[2]'. [C:/Users/samar/Desktop/Semester 6/ECE350Labs/ECE350_Final_Project/accelerometer/accelerometer.srcs/constrs_1/new/constraints.xdc:57]
CRITICAL WARNING: [Common 17-55] 'set_property' expects at least one object. [C:/Users/samar/Desktop/Semester 6/ECE350Labs/ECE350_Final_Project/accelerometer/accelerometer.srcs/constrs_1/new/constraints.xdc:57]
Resolution: If [get_<value>] was used to populate the object, check to make sure this command returns at least one valid object.
WARNING: [Vivado 12-584] No ports matched 'H_COUNT_I[1]'. [C:/Users/samar/Desktop/Semester 6/ECE350Labs/ECE350_Final_Project/accelerometer/accelerometer.srcs/constrs_1/new/constraints.xdc:58]
CRITICAL WARNING: [Common 17-55] 'set_property' expects at least one object. [C:/Users/samar/Desktop/Semester 6/ECE350Labs/ECE350_Final_Project/accelerometer/accelerometer.srcs/constrs_1/new/constraints.xdc:58]
Resolution: If [get_<value>] was used to populate the object, check to make sure this command returns at least one valid object.
WARNING: [Vivado 12-584] No ports matched 'H_COUNT_I[0]'. [C:/Users/samar/Desktop/Semester 6/ECE350Labs/ECE350_Final_Project/accelerometer/accelerometer.srcs/constrs_1/new/constraints.xdc:59]
CRITICAL WARNING: [Common 17-55] 'set_property' expects at least one object. [C:/Users/samar/Desktop/Semester 6/ECE350Labs/ECE350_Final_Project/accelerometer/accelerometer.srcs/constrs_1/new/constraints.xdc:59]
Resolution: If [get_<value>] was used to populate the object, check to make sure this command returns at least one valid object.
WARNING: [Vivado 12-584] No ports matched 'LEVEL_THRESH[11]'. [C:/Users/samar/Desktop/Semester 6/ECE350Labs/ECE350_Final_Project/accelerometer/accelerometer.srcs/constrs_1/new/constraints.xdc:60]
CRITICAL WARNING: [Common 17-55] 'set_property' expects at least one object. [C:/Users/samar/Desktop/Semester 6/ECE350Labs/ECE350_Final_Project/accelerometer/accelerometer.srcs/constrs_1/new/constraints.xdc:60]
Resolution: If [get_<value>] was used to populate the object, check to make sure this command returns at least one valid object.
WARNING: [Vivado 12-584] No ports matched 'LEVEL_THRESH[10]'. [C:/Users/samar/Desktop/Semester 6/ECE350Labs/ECE350_Final_Project/accelerometer/accelerometer.srcs/constrs_1/new/constraints.xdc:61]
CRITICAL WARNING: [Common 17-55] 'set_property' expects at least one object. [C:/Users/samar/Desktop/Semester 6/ECE350Labs/ECE350_Final_Project/accelerometer/accelerometer.srcs/constrs_1/new/constraints.xdc:61]
Resolution: If [get_<value>] was used to populate the object, check to make sure this command returns at least one valid object.
WARNING: [Vivado 12-584] No ports matched 'LEVEL_THRESH[9]'. [C:/Users/samar/Desktop/Semester 6/ECE350Labs/ECE350_Final_Project/accelerometer/accelerometer.srcs/constrs_1/new/constraints.xdc:62]
CRITICAL WARNING: [Common 17-55] 'set_property' expects at least one object. [C:/Users/samar/Desktop/Semester 6/ECE350Labs/ECE350_Final_Project/accelerometer/accelerometer.srcs/constrs_1/new/constraints.xdc:62]
Resolution: If [get_<value>] was used to populate the object, check to make sure this command returns at least one valid object.
WARNING: [Vivado 12-584] No ports matched 'LEVEL_THRESH[8]'. [C:/Users/samar/Desktop/Semester 6/ECE350Labs/ECE350_Final_Project/accelerometer/accelerometer.srcs/constrs_1/new/constraints.xdc:63]
CRITICAL WARNING: [Common 17-55] 'set_property' expects at least one object. [C:/Users/samar/Desktop/Semester 6/ECE350Labs/ECE350_Final_Project/accelerometer/accelerometer.srcs/constrs_1/new/constraints.xdc:63]
Resolution: If [get_<value>] was used to populate the object, check to make sure this command returns at least one valid object.
WARNING: [Vivado 12-584] No ports matched 'LEVEL_THRESH[7]'. [C:/Users/samar/Desktop/Semester 6/ECE350Labs/ECE350_Final_Project/accelerometer/accelerometer.srcs/constrs_1/new/constraints.xdc:64]
CRITICAL WARNING: [Common 17-55] 'set_property' expects at least one object. [C:/Users/samar/Desktop/Semester 6/ECE350Labs/ECE350_Final_Project/accelerometer/accelerometer.srcs/constrs_1/new/constraints.xdc:64]
Resolution: If [get_<value>] was used to populate the object, check to make sure this command returns at least one valid object.
WARNING: [Vivado 12-584] No ports matched 'LEVEL_THRESH[6]'. [C:/Users/samar/Desktop/Semester 6/ECE350Labs/ECE350_Final_Project/accelerometer/accelerometer.srcs/constrs_1/new/constraints.xdc:65]
CRITICAL WARNING: [Common 17-55] 'set_property' expects at least one object. [C:/Users/samar/Desktop/Semester 6/ECE350Labs/ECE350_Final_Project/accelerometer/accelerometer.srcs/constrs_1/new/constraints.xdc:65]
Resolution: If [get_<value>] was used to populate the object, check to make sure this command returns at least one valid object.
WARNING: [Vivado 12-584] No ports matched 'LEVEL_THRESH[5]'. [C:/Users/samar/Desktop/Semester 6/ECE350Labs/ECE350_Final_Project/accelerometer/accelerometer.srcs/constrs_1/new/constraints.xdc:66]
CRITICAL WARNING: [Common 17-55] 'set_property' expects at least one object. [C:/Users/samar/Desktop/Semester 6/ECE350Labs/ECE350_Final_Project/accelerometer/accelerometer.srcs/constrs_1/new/constraints.xdc:66]
Resolution: If [get_<value>] was used to populate the object, check to make sure this command returns at least one valid object.
WARNING: [Vivado 12-584] No ports matched 'LEVEL_THRESH[4]'. [C:/Users/samar/Desktop/Semester 6/ECE350Labs/ECE350_Final_Project/accelerometer/accelerometer.srcs/constrs_1/new/constraints.xdc:67]
CRITICAL WARNING: [Common 17-55] 'set_property' expects at least one object. [C:/Users/samar/Desktop/Semester 6/ECE350Labs/ECE350_Final_Project/accelerometer/accelerometer.srcs/constrs_1/new/constraints.xdc:67]
Resolution: If [get_<value>] was used to populate the object, check to make sure this command returns at least one valid object.
WARNING: [Vivado 12-584] No ports matched 'LEVEL_THRESH[3]'. [C:/Users/samar/Desktop/Semester 6/ECE350Labs/ECE350_Final_Project/accelerometer/accelerometer.srcs/constrs_1/new/constraints.xdc:68]
CRITICAL WARNING: [Common 17-55] 'set_property' expects at least one object. [C:/Users/samar/Desktop/Semester 6/ECE350Labs/ECE350_Final_Project/accelerometer/accelerometer.srcs/constrs_1/new/constraints.xdc:68]
Resolution: If [get_<value>] was used to populate the object, check to make sure this command returns at least one valid object.
WARNING: [Vivado 12-584] No ports matched 'LEVEL_THRESH[2]'. [C:/Users/samar/Desktop/Semester 6/ECE350Labs/ECE350_Final_Project/accelerometer/accelerometer.srcs/constrs_1/new/constraints.xdc:69]
CRITICAL WARNING: [Common 17-55] 'set_property' expects at least one object. [C:/Users/samar/Desktop/Semester 6/ECE350Labs/ECE350_Final_Project/accelerometer/accelerometer.srcs/constrs_1/new/constraints.xdc:69]
Resolution: If [get_<value>] was used to populate the object, check to make sure this command returns at least one valid object.
WARNING: [Vivado 12-584] No ports matched 'LEVEL_THRESH[1]'. [C:/Users/samar/Desktop/Semester 6/ECE350Labs/ECE350_Final_Project/accelerometer/accelerometer.srcs/constrs_1/new/constraints.xdc:70]
CRITICAL WARNING: [Common 17-55] 'set_property' expects at least one object. [C:/Users/samar/Desktop/Semester 6/ECE350Labs/ECE350_Final_Project/accelerometer/accelerometer.srcs/constrs_1/new/constraints.xdc:70]
Resolution: If [get_<value>] was used to populate the object, check to make sure this command returns at least one valid object.
WARNING: [Vivado 12-584] No ports matched 'LEVEL_THRESH[0]'. [C:/Users/samar/Desktop/Semester 6/ECE350Labs/ECE350_Final_Project/accelerometer/accelerometer.srcs/constrs_1/new/constraints.xdc:71]
CRITICAL WARNING: [Common 17-55] 'set_property' expects at least one object. [C:/Users/samar/Desktop/Semester 6/ECE350Labs/ECE350_Final_Project/accelerometer/accelerometer.srcs/constrs_1/new/constraints.xdc:71]
Resolution: If [get_<value>] was used to populate the object, check to make sure this command returns at least one valid object.
WARNING: [Vivado 12-584] No ports matched 'RED_O[3]'. [C:/Users/samar/Desktop/Semester 6/ECE350Labs/ECE350_Final_Project/accelerometer/accelerometer.srcs/constrs_1/new/constraints.xdc:72]
CRITICAL WARNING: [Common 17-55] 'set_property' expects at least one object. [C:/Users/samar/Desktop/Semester 6/ECE350Labs/ECE350_Final_Project/accelerometer/accelerometer.srcs/constrs_1/new/constraints.xdc:72]
Resolution: If [get_<value>] was used to populate the object, check to make sure this command returns at least one valid object.
WARNING: [Vivado 12-584] No ports matched 'RED_O[2]'. [C:/Users/samar/Desktop/Semester 6/ECE350Labs/ECE350_Final_Project/accelerometer/accelerometer.srcs/constrs_1/new/constraints.xdc:73]
CRITICAL WARNING: [Common 17-55] 'set_property' expects at least one object. [C:/Users/samar/Desktop/Semester 6/ECE350Labs/ECE350_Final_Project/accelerometer/accelerometer.srcs/constrs_1/new/constraints.xdc:73]
Resolution: If [get_<value>] was used to populate the object, check to make sure this command returns at least one valid object.
WARNING: [Vivado 12-584] No ports matched 'RED_O[1]'. [C:/Users/samar/Desktop/Semester 6/ECE350Labs/ECE350_Final_Project/accelerometer/accelerometer.srcs/constrs_1/new/constraints.xdc:74]
CRITICAL WARNING: [Common 17-55] 'set_property' expects at least one object. [C:/Users/samar/Desktop/Semester 6/ECE350Labs/ECE350_Final_Project/accelerometer/accelerometer.srcs/constrs_1/new/constraints.xdc:74]
Resolution: If [get_<value>] was used to populate the object, check to make sure this command returns at least one valid object.
WARNING: [Vivado 12-584] No ports matched 'RED_O[0]'. [C:/Users/samar/Desktop/Semester 6/ECE350Labs/ECE350_Final_Project/accelerometer/accelerometer.srcs/constrs_1/new/constraints.xdc:75]
CRITICAL WARNING: [Common 17-55] 'set_property' expects at least one object. [C:/Users/samar/Desktop/Semester 6/ECE350Labs/ECE350_Final_Project/accelerometer/accelerometer.srcs/constrs_1/new/constraints.xdc:75]
Resolution: If [get_<value>] was used to populate the object, check to make sure this command returns at least one valid object.
WARNING: [Vivado 12-584] No ports matched 'V_COUNT_I[11]'. [C:/Users/samar/Desktop/Semester 6/ECE350Labs/ECE350_Final_Project/accelerometer/accelerometer.srcs/constrs_1/new/constraints.xdc:76]
CRITICAL WARNING: [Common 17-55] 'set_property' expects at least one object. [C:/Users/samar/Desktop/Semester 6/ECE350Labs/ECE350_Final_Project/accelerometer/accelerometer.srcs/constrs_1/new/constraints.xdc:76]
Resolution: If [get_<value>] was used to populate the object, check to make sure this command returns at least one valid object.
WARNING: [Vivado 12-584] No ports matched 'V_COUNT_I[10]'. [C:/Users/samar/Desktop/Semester 6/ECE350Labs/ECE350_Final_Project/accelerometer/accelerometer.srcs/constrs_1/new/constraints.xdc:77]
CRITICAL WARNING: [Common 17-55] 'set_property' expects at least one object. [C:/Users/samar/Desktop/Semester 6/ECE350Labs/ECE350_Final_Project/accelerometer/accelerometer.srcs/constrs_1/new/constraints.xdc:77]
Resolution: If [get_<value>] was used to populate the object, check to make sure this command returns at least one valid object.
WARNING: [Vivado 12-584] No ports matched 'V_COUNT_I[9]'. [C:/Users/samar/Desktop/Semester 6/ECE350Labs/ECE350_Final_Project/accelerometer/accelerometer.srcs/constrs_1/new/constraints.xdc:78]
CRITICAL WARNING: [Common 17-55] 'set_property' expects at least one object. [C:/Users/samar/Desktop/Semester 6/ECE350Labs/ECE350_Final_Project/accelerometer/accelerometer.srcs/constrs_1/new/constraints.xdc:78]
Resolution: If [get_<value>] was used to populate the object, check to make sure this command returns at least one valid object.
WARNING: [Vivado 12-584] No ports matched 'V_COUNT_I[8]'. [C:/Users/samar/Desktop/Semester 6/ECE350Labs/ECE350_Final_Project/accelerometer/accelerometer.srcs/constrs_1/new/constraints.xdc:79]
CRITICAL WARNING: [Common 17-55] 'set_property' expects at least one object. [C:/Users/samar/Desktop/Semester 6/ECE350Labs/ECE350_Final_Project/accelerometer/accelerometer.srcs/constrs_1/new/constraints.xdc:79]
Resolution: If [get_<value>] was used to populate the object, check to make sure this command returns at least one valid object.
WARNING: [Vivado 12-584] No ports matched 'V_COUNT_I[7]'. [C:/Users/samar/Desktop/Semester 6/ECE350Labs/ECE350_Final_Project/accelerometer/accelerometer.srcs/constrs_1/new/constraints.xdc:80]
CRITICAL WARNING: [Common 17-55] 'set_property' expects at least one object. [C:/Users/samar/Desktop/Semester 6/ECE350Labs/ECE350_Final_Project/accelerometer/accelerometer.srcs/constrs_1/new/constraints.xdc:80]
Resolution: If [get_<value>] was used to populate the object, check to make sure this command returns at least one valid object.
WARNING: [Vivado 12-584] No ports matched 'V_COUNT_I[6]'. [C:/Users/samar/Desktop/Semester 6/ECE350Labs/ECE350_Final_Project/accelerometer/accelerometer.srcs/constrs_1/new/constraints.xdc:81]
CRITICAL WARNING: [Common 17-55] 'set_property' expects at least one object. [C:/Users/samar/Desktop/Semester 6/ECE350Labs/ECE350_Final_Project/accelerometer/accelerometer.srcs/constrs_1/new/constraints.xdc:81]
Resolution: If [get_<value>] was used to populate the object, check to make sure this command returns at least one valid object.
WARNING: [Vivado 12-584] No ports matched 'V_COUNT_I[5]'. [C:/Users/samar/Desktop/Semester 6/ECE350Labs/ECE350_Final_Project/accelerometer/accelerometer.srcs/constrs_1/new/constraints.xdc:82]
CRITICAL WARNING: [Common 17-55] 'set_property' expects at least one object. [C:/Users/samar/Desktop/Semester 6/ECE350Labs/ECE350_Final_Project/accelerometer/accelerometer.srcs/constrs_1/new/constraints.xdc:82]
Resolution: If [get_<value>] was used to populate the object, check to make sure this command returns at least one valid object.
WARNING: [Vivado 12-584] No ports matched 'V_COUNT_I[4]'. [C:/Users/samar/Desktop/Semester 6/ECE350Labs/ECE350_Final_Project/accelerometer/accelerometer.srcs/constrs_1/new/constraints.xdc:83]
CRITICAL WARNING: [Common 17-55] 'set_property' expects at least one object. [C:/Users/samar/Desktop/Semester 6/ECE350Labs/ECE350_Final_Project/accelerometer/accelerometer.srcs/constrs_1/new/constraints.xdc:83]
Resolution: If [get_<value>] was used to populate the object, check to make sure this command returns at least one valid object.
WARNING: [Vivado 12-584] No ports matched 'V_COUNT_I[3]'. [C:/Users/samar/Desktop/Semester 6/ECE350Labs/ECE350_Final_Project/accelerometer/accelerometer.srcs/constrs_1/new/constraints.xdc:84]
CRITICAL WARNING: [Common 17-55] 'set_property' expects at least one object. [C:/Users/samar/Desktop/Semester 6/ECE350Labs/ECE350_Final_Project/accelerometer/accelerometer.srcs/constrs_1/new/constraints.xdc:84]
Resolution: If [get_<value>] was used to populate the object, check to make sure this command returns at least one valid object.
WARNING: [Vivado 12-584] No ports matched 'V_COUNT_I[2]'. [C:/Users/samar/Desktop/Semester 6/ECE350Labs/ECE350_Final_Project/accelerometer/accelerometer.srcs/constrs_1/new/constraints.xdc:85]
CRITICAL WARNING: [Common 17-55] 'set_property' expects at least one object. [C:/Users/samar/Desktop/Semester 6/ECE350Labs/ECE350_Final_Project/accelerometer/accelerometer.srcs/constrs_1/new/constraints.xdc:85]
Resolution: If [get_<value>] was used to populate the object, check to make sure this command returns at least one valid object.
WARNING: [Vivado 12-584] No ports matched 'V_COUNT_I[1]'. [C:/Users/samar/Desktop/Semester 6/ECE350Labs/ECE350_Final_Project/accelerometer/accelerometer.srcs/constrs_1/new/constraints.xdc:86]
CRITICAL WARNING: [Common 17-55] 'set_property' expects at least one object. [C:/Users/samar/Desktop/Semester 6/ECE350Labs/ECE350_Final_Project/accelerometer/accelerometer.srcs/constrs_1/new/constraints.xdc:86]
Resolution: If [get_<value>] was used to populate the object, check to make sure this command returns at least one valid object.
WARNING: [Vivado 12-584] No ports matched 'V_COUNT_I[0]'. [C:/Users/samar/Desktop/Semester 6/ECE350Labs/ECE350_Final_Project/accelerometer/accelerometer.srcs/constrs_1/new/constraints.xdc:87]
CRITICAL WARNING: [Common 17-55] 'set_property' expects at least one object. [C:/Users/samar/Desktop/Semester 6/ECE350Labs/ECE350_Final_Project/accelerometer/accelerometer.srcs/constrs_1/new/constraints.xdc:87]
Resolution: If [get_<value>] was used to populate the object, check to make sure this command returns at least one valid object.
Finished Parsing XDC File [C:/Users/samar/Desktop/Semester 6/ECE350Labs/ECE350_Final_Project/accelerometer/accelerometer.srcs/constrs_1/new/constraints.xdc]
Parsing XDC File [C:/Users/samar/Desktop/Semester 6/ECE350Labs/ECE350_Final_Project/accelerometer/accelerometer.srcs/constrs_1/imports/constraints/Nexys4_Master.xdc]
INFO: [Timing 38-35] Done setting XDC timing constraints. [C:/Users/samar/Desktop/Semester 6/ECE350Labs/ECE350_Final_Project/accelerometer/accelerometer.srcs/constrs_1/imports/constraints/Nexys4_Master.xdc:492]
all_fanout: Time (s): cpu = 00:00:11 ; elapsed = 00:00:11 . Memory (MB): peak = 1222.641 ; gain = 208.219
WARNING: [Constraints 18-402] set_false_path: 'Inst_AccelerometerCtl/Accel_Calculation/Magnitude_Calculation' is not a valid startpoint. [C:/Users/samar/Desktop/Semester 6/ECE350Labs/ECE350_Final_Project/accelerometer/accelerometer.srcs/constrs_1/imports/constraints/Nexys4_Master.xdc:492]
Resolution: A valid start point is a main or generated clock pin or port, a clock pin of a sequential cell, or a primary input or inout port. Please validate that all the objects returned by your query belong to this list.
WARNING: [Constraints 18-402] set_false_path: 'Inst_VGA/Inst_PxlClkGen' is not a valid startpoint. [C:/Users/samar/Desktop/Semester 6/ECE350Labs/ECE350_Final_Project/accelerometer/accelerometer.srcs/constrs_1/imports/constraints/Nexys4_Master.xdc:492]
Resolution: A valid start point is a main or generated clock pin or port, a clock pin of a sequential cell, or a primary input or inout port. Please validate that all the objects returned by your query belong to this list.
WARNING: [Constraints 18-401] set_false_path: 'Inst_VGA/Inst_LogoDisplay/Inst_BRAM_1/clka' is not a valid endpoint. [C:/Users/samar/Desktop/Semester 6/ECE350Labs/ECE350_Final_Project/accelerometer/accelerometer.srcs/constrs_1/imports/constraints/Nexys4_Master.xdc:492]
Resolution: A valid end point is a data pin of a sequential cell or a primary output or inout port. Please validate that all the objects returned by your query belong to this list.
Finished Parsing XDC File [C:/Users/samar/Desktop/Semester 6/ECE350Labs/ECE350_Final_Project/accelerometer/accelerometer.srcs/constrs_1/imports/constraints/Nexys4_Master.xdc]
INFO: [Opt 31-138] Pushed 0 inverter(s) to 0 load pin(s).
CRITICAL WARNING: [Project 1-486] Could not resolve non-primitive black box cell 'BRAM_1' instantiated as 'Inst_VGA/Inst_LogoDisplay/Inst_BRAM_1' [C:/Users/samar/Desktop/Semester 6/ECE350Labs/ECE350_Final_Project/accelerometer/accelerometer.srcs/sources_1/imports/hdl/LogoDisplay.vhd:70]
CRITICAL WARNING: [Project 1-486] Could not resolve non-primitive black box cell 'PxlClkGen' instantiated as 'Inst_VGA/Inst_PxlClkGen' [C:/Users/samar/Desktop/Semester 6/ECE350Labs/ECE350_Final_Project/accelerometer/accelerometer.srcs/sources_1/imports/hdl/Vga.vhd:733]
CRITICAL WARNING: [Project 1-486] Could not resolve non-primitive black box cell 'Square_Root' instantiated as 'Inst_AccelerometerCtl/Accel_Calculation/Magnitude_Calculation' [C:/Users/samar/Desktop/Semester 6/ECE350Labs/ECE350_Final_Project/accelerometer/accelerometer.srcs/sources_1/imports/hdl/AccelArithmetics.vhd:229]
Netlist sorting complete. Time (s): cpu = 00:00:00 ; elapsed = 00:00:00.002 . Memory (MB): peak = 1223.613 ; gain = 0.000
INFO: [Project 1-111] Unisim Transformation Summary:
  A total of 20 instances were transformed.
  IOBUF => IOBUF (IBUF, OBUFT): 20 instances

8 Infos, 90 Warnings, 90 Critical Warnings and 0 Errors encountered.
link_design completed successfully
link_design: Time (s): cpu = 00:00:21 ; elapsed = 00:00:23 . Memory (MB): peak = 1223.613 ; gain = 209.191
Command: opt_design
Attempting to get a license for feature 'Implementation' and/or device 'xc7a100t'
INFO: [Common 17-349] Got license for feature 'Implementation' and/or device 'xc7a100t'
Running DRC as a precondition to command opt_design

Starting DRC Task
INFO: [DRC 23-27] Running DRC with 2 threads
ERROR: [DRC INBB-3] Black Box Instances: Cell 'Inst_AccelerometerCtl/Accel_Calculation/Magnitude_Calculation' of type 'Square_Root' has undefined contents and is considered a black box.  The contents of this cell must be defined for opt_design to complete successfully.
ERROR: [DRC INBB-3] Black Box Instances: Cell 'Inst_VGA/Inst_LogoDisplay/Inst_BRAM_1' of type 'BRAM_1' has undefined contents and is considered a black box.  The contents of this cell must be defined for opt_design to complete successfully.
ERROR: [DRC INBB-3] Black Box Instances: Cell 'Inst_VGA/Inst_PxlClkGen' of type 'PxlClkGen' has undefined contents and is considered a black box.  The contents of this cell must be defined for opt_design to complete successfully.
INFO: [Project 1-461] DRC finished with 3 Errors
INFO: [Project 1-462] Please refer to the DRC report (report_drc) for more information.
ERROR: [Vivado_Tcl 4-78] Error(s) found during DRC. Opt_design not run.

Time (s): cpu = 00:00:03 ; elapsed = 00:00:02 . Memory (MB): peak = 1223.613 ; gain = 0.000
INFO: [Common 17-83] Releasing license: Implementation
13 Infos, 90 Warnings, 90 Critical Warnings and 4 Errors encountered.
opt_design failed
ERROR: [Common 17-39] 'opt_design' failed due to earlier errors.

INFO: [Common 17-206] Exiting Vivado at Sun Apr 11 16:17:42 2021...
